<?xml version="1.0" encoding="utf-8"?>
<CoverageSession xmlns:xsd="http://www.w3.org/2001/XMLSchema" xmlns:xsi="http://www.w3.org/2001/XMLSchema-instance" Version="0.0.0.0">
  <Summary numSequencePoints="244" visitedSequencePoints="196" numBranchPoints="0" visitedBranchPoints="0" sequenceCoverage="80.33" branchCoverage="0.0" maxCyclomaticComplexity="0" minCyclomaticComplexity="0" maxCrapScore="0" minCrapScore="0" visitedClasses="13" numClasses="14" visitedMethods="49" numMethods="53" />
  <Modules>
    <Module>
      <Summary numSequencePoints="179" visitedSequencePoints="135" numBranchPoints="0" visitedBranchPoints="0" sequenceCoverage="75.42" branchCoverage="0.0" maxCyclomaticComplexity="0" minCyclomaticComplexity="0" maxCrapScore="0" minCrapScore="0" visitedClasses="8" numClasses="9" visitedMethods="31" numMethods="33" />
      <ModuleTime>0001-01-01T00:00:00</ModuleTime>
      <ModuleName>AQ.Domain.Merge</ModuleName>
      <Files>
        <File uid="1" fullPath="./Packages/com.aq.domain.merge/Runtime/EventHelpers.cs" />
        <File uid="2" fullPath="./Packages/com.aq.domain.merge/Runtime/Grid.cs" />
        <File uid="3" fullPath="./Packages/com.aq.domain.merge/Runtime/GridOps.cs" />
        <File uid="4" fullPath="./Packages/com.aq.domain.merge/Runtime/ItemId.cs" />
        <File uid="5" fullPath="./Packages/com.aq.domain.merge/Runtime/MergeEngine.cs" />
        <File uid="6" fullPath="./Packages/com.aq.domain.merge/Runtime/MergePerformed.cs" />
        <File uid="7" fullPath="./Packages/com.aq.domain.merge/Runtime/RecipeBook.cs" />
      </Files>
      <Classes>
        <Class>
          <Summary numSequencePoints="32" visitedSequencePoints="26" numBranchPoints="0" visitedBranchPoints="0" sequenceCoverage="81.25" branchCoverage="0.0" maxCyclomaticComplexity="0" minCyclomaticComplexity="0" maxCrapScore="0" minCrapScore="0" visitedClasses="1" numClasses="1" visitedMethods="3" numMethods="3" />
          <FullName>AQ.Domain.Merge.EventHelpers</FullName>
          <Methods>
            <Method visited="true" cyclomaticComplexity="0" nPathComplexity="0" sequenceCoverage="83.33" branchCoverage="0" crapScore="0" isConstructor="false" isStatic="true" isGetter="false" isSetter="false">
              <Summary numSequencePoints="18" visitedSequencePoints="15" numBranchPoints="0" visitedBranchPoints="0" sequenceCoverage="83.33" branchCoverage="0" maxCyclomaticComplexity="0" minCyclomaticComplexity="0" maxCrapScore="0" minCrapScore="0" visitedClasses="0" numClasses="0" visitedMethods="1" numMethods="1" />
              <MetadataToken>100663299</MetadataToken>
              <Name>static System.Object AQ.Domain.Merge.EventHelpers::TryCreateMergePerformed(System.Int32, System.Int32, AQ.Domain.Merge.ItemId, AQ.Domain.Merge.ItemId, AQ.Domain.Merge.ItemId)</Name>
              <FileRef uid="1" />
              <SequencePoints>
                <SequencePoint vc="18" uspid="865" ordinal="0" offset="0" sl="11" sc="9" el="11" ec="9" bec="0" bev="0" fileid="1" />
                <SequencePoint vc="18" uspid="866" ordinal="0" offset="1" sl="12" sc="13" el="12" ec="13" bec="0" bev="0" fileid="1" />
                <SequencePoint vc="18" uspid="867" ordinal="0" offset="90" sl="17" sc="13" el="17" ec="13" bec="0" bev="0" fileid="1" />
                <SequencePoint vc="0" uspid="868" ordinal="0" offset="106" sl="17" sc="28" el="17" ec="28" bec="0" bev="0" fileid="1" />
                <SequencePoint vc="18" uspid="869" ordinal="0" offset="114" sl="19" sc="13" el="19" ec="13" bec="0" bev="0" fileid="1" />
                <SequencePoint vc="18" uspid="870" ordinal="0" offset="186" sl="20" sc="13" el="20" ec="13" bec="0" bev="0" fileid="1" />
                <SequencePoint vc="18" uspid="871" ordinal="0" offset="199" sl="21" sc="13" el="21" ec="13" bec="0" bev="0" fileid="1" />
                <SequencePoint vc="0" uspid="872" ordinal="0" offset="212" sl="22" sc="17" el="22" ec="17" bec="0" bev="0" fileid="1" />
                <SequencePoint vc="18" uspid="873" ordinal="0" offset="277" sl="24" sc="13" el="24" ec="13" bec="0" bev="0" fileid="1" />
                <SequencePoint vc="18" uspid="874" ordinal="0" offset="295" sl="25" sc="13" el="25" ec="13" bec="0" bev="0" fileid="1" />
                <SequencePoint vc="0" uspid="875" ordinal="0" offset="310" sl="25" sc="30" el="25" ec="30" bec="0" bev="0" fileid="1" />
                <SequencePoint vc="18" uspid="876" ordinal="0" offset="316" sl="33" sc="13" el="33" ec="13" bec="0" bev="0" fileid="1" />
                <SequencePoint vc="18" uspid="877" ordinal="0" offset="335" sl="34" sc="13" el="34" ec="13" bec="0" bev="0" fileid="1" />
                <SequencePoint vc="18" uspid="878" ordinal="0" offset="354" sl="35" sc="13" el="35" ec="13" bec="0" bev="0" fileid="1" />
                <SequencePoint vc="18" uspid="879" ordinal="0" offset="373" sl="36" sc="13" el="36" ec="13" bec="0" bev="0" fileid="1" />
                <SequencePoint vc="18" uspid="880" ordinal="0" offset="392" sl="37" sc="13" el="37" ec="13" bec="0" bev="0" fileid="1" />
                <SequencePoint vc="18" uspid="881" ordinal="0" offset="412" sl="38" sc="13" el="38" ec="13" bec="0" bev="0" fileid="1" />
                <SequencePoint vc="18" uspid="882" ordinal="0" offset="422" sl="39" sc="9" el="39" ec="9" bec="0" bev="0" fileid="1" />
              </SequencePoints>
              <BranchPoints />
            </Method>
            <Method visited="true" cyclomaticComplexity="0" nPathComplexity="0" sequenceCoverage="77.78" branchCoverage="0" crapScore="0" isConstructor="false" isStatic="true" isGetter="false" isSetter="false">
              <Summary numSequencePoints="9" visitedSequencePoints="7" numBranchPoints="0" visitedBranchPoints="0" sequenceCoverage="77.78" branchCoverage="0" maxCyclomaticComplexity="0" minCyclomaticComplexity="0" maxCrapScore="0" minCrapScore="0" visitedClasses="0" numClasses="0" visitedMethods="1" numMethods="1" />
              <MetadataToken>100663300</MetadataToken>
              <Name>static System.Void AQ.Domain.Merge.EventHelpers::PublishDynamic(AQ.SharedKernel.IEventBus, System.Object)</Name>
              <FileRef uid="1" />
              <SequencePoints>
                <SequencePoint vc="18" uspid="883" ordinal="0" offset="0" sl="42" sc="9" el="42" ec="9" bec="0" bev="0" fileid="1" />
                <SequencePoint vc="18" uspid="884" ordinal="0" offset="1" sl="43" sc="13" el="43" ec="13" bec="0" bev="0" fileid="1" />
                <SequencePoint vc="0" uspid="885" ordinal="0" offset="15" sl="43" sc="45" el="43" ec="45" bec="0" bev="0" fileid="1" />
                <SequencePoint vc="18" uspid="886" ordinal="0" offset="17" sl="44" sc="13" el="44" ec="13" bec="0" bev="0" fileid="1" />
                <SequencePoint vc="18" uspid="887" ordinal="0" offset="71" sl="46" sc="13" el="46" ec="13" bec="0" bev="0" fileid="1" />
                <SequencePoint vc="0" uspid="888" ordinal="0" offset="82" sl="46" sc="28" el="46" ec="28" bec="0" bev="0" fileid="1" />
                <SequencePoint vc="18" uspid="889" ordinal="0" offset="84" sl="47" sc="13" el="47" ec="13" bec="0" bev="0" fileid="1" />
                <SequencePoint vc="18" uspid="890" ordinal="0" offset="106" sl="48" sc="13" el="48" ec="13" bec="0" bev="0" fileid="1" />
                <SequencePoint vc="18" uspid="891" ordinal="0" offset="124" sl="49" sc="9" el="49" ec="9" bec="0" bev="0" fileid="1" />
              </SequencePoints>
              <BranchPoints />
            </Method>
            <Method visited="true" cyclomaticComplexity="0" nPathComplexity="0" sequenceCoverage="80.00" branchCoverage="0" crapScore="0" isConstructor="false" isStatic="true" isGetter="false" isSetter="false">
              <Summary numSequencePoints="5" visitedSequencePoints="4" numBranchPoints="0" visitedBranchPoints="0" sequenceCoverage="80.00" branchCoverage="0" maxCyclomaticComplexity="0" minCyclomaticComplexity="0" maxCrapScore="0" minCrapScore="0" visitedClasses="0" numClasses="0" visitedMethods="1" numMethods="1" />
              <MetadataToken>100663301</MetadataToken>
              <Name>static System.Void AQ.Domain.Merge.EventHelpers::&lt;TryCreateMergePerformed&gt;g__Set|0_2(System.String, System.Object, AQ.Domain.Merge.EventHelpers/&lt;&gt;c__DisplayClass0_0&amp;)</Name>
              <FileRef uid="1" />
              <SequencePoints>
                <SequencePoint vc="90" uspid="892" ordinal="0" offset="0" sl="28" sc="13" el="28" ec="13" bec="0" bev="0" fileid="1" />
                <SequencePoint vc="90" uspid="893" ordinal="0" offset="1" sl="29" sc="17" el="29" ec="17" bec="0" bev="0" fileid="1" />
                <SequencePoint vc="90" uspid="894" ordinal="0" offset="16" sl="30" sc="17" el="30" ec="17" bec="0" bev="0" fileid="1" />
                <SequencePoint vc="0" uspid="895" ordinal="0" offset="38" sl="30" sc="48" el="30" ec="48" bec="0" bev="0" fileid="1" />
                <SequencePoint vc="90" uspid="896" ordinal="0" offset="52" sl="31" sc="13" el="31" ec="13" bec="0" bev="0" fileid="1" />
              </SequencePoints>
              <BranchPoints />
            </Method>
          </Methods>
        </Class>
        <Class>
          <Summary numSequencePoints="20" visitedSequencePoints="20" numBranchPoints="0" visitedBranchPoints="0" sequenceCoverage="100.0" branchCoverage="0.0" maxCyclomaticComplexity="0" minCyclomaticComplexity="0" maxCrapScore="0" minCrapScore="0" visitedClasses="1" numClasses="1" visitedMethods="6" numMethods="6" />
          <FullName>AQ.Domain.Merge.Grid</FullName>
          <Methods>
            <Method visited="true" cyclomaticComplexity="0" nPathComplexity="0" sequenceCoverage="100.0" branchCoverage="0" crapScore="0" isConstructor="false" isStatic="false" isGetter="true" isSetter="false">
              <Summary numSequencePoints="3" visitedSequencePoints="3" numBranchPoints="0" visitedBranchPoints="0" sequenceCoverage="100.0" branchCoverage="0" maxCyclomaticComplexity="0" minCyclomaticComplexity="0" maxCrapScore="0" minCrapScore="0" visitedClasses="0" numClasses="0" visitedMethods="1" numMethods="1" />
              <MetadataToken>100663302</MetadataToken>
              <Name>AQ.Domain.Merge.ItemId AQ.Domain.Merge.Grid::get_Item(System.Int32)</Name>
              <FileRef uid="2" />
              <SequencePoints>
                <SequencePoint vc="73" uspid="897" ordinal="0" offset="0" sl="12" sc="17" el="12" ec="17" bec="0" bev="0" fileid="2" />
                <SequencePoint vc="73" uspid="898" ordinal="0" offset="1" sl="12" sc="19" el="12" ec="19" bec="0" bev="0" fileid="2" />
                <SequencePoint vc="73" uspid="899" ordinal="0" offset="32" sl="12" sc="86" el="12" ec="86" bec="0" bev="0" fileid="2" />
              </SequencePoints>
              <BranchPoints />
            </Method>
            <Method visited="true" cyclomaticComplexity="0" nPathComplexity="0" sequenceCoverage="100.0" branchCoverage="0" crapScore="0" isConstructor="false" isStatic="false" isGetter="false" isSetter="true">
              <Summary numSequencePoints="3" visitedSequencePoints="3" numBranchPoints="0" visitedBranchPoints="0" sequenceCoverage="100.0" branchCoverage="0" maxCyclomaticComplexity="0" minCyclomaticComplexity="0" maxCrapScore="0" minCrapScore="0" visitedClasses="0" numClasses="0" visitedMethods="1" numMethods="1" />
              <MetadataToken>100663303</MetadataToken>
              <Name>System.Void AQ.Domain.Merge.Grid::set_Item(System.Int32, AQ.Domain.Merge.ItemId)</Name>
              <FileRef uid="2" />
              <SequencePoints>
                <SequencePoint vc="87" uspid="900" ordinal="0" offset="0" sl="13" sc="17" el="13" ec="17" bec="0" bev="0" fileid="2" />
                <SequencePoint vc="87" uspid="901" ordinal="0" offset="1" sl="13" sc="19" el="13" ec="19" bec="0" bev="0" fileid="2" />
                <SequencePoint vc="87" uspid="902" ordinal="0" offset="15" sl="13" sc="42" el="13" ec="42" bec="0" bev="0" fileid="2" />
              </SequencePoints>
              <BranchPoints />
            </Method>
            <Method visited="true" cyclomaticComplexity="0" nPathComplexity="0" sequenceCoverage="100.0" branchCoverage="0" crapScore="0" isConstructor="false" isStatic="false" isGetter="false" isSetter="false">
              <Summary numSequencePoints="1" visitedSequencePoints="1" numBranchPoints="0" visitedBranchPoints="0" sequenceCoverage="100.0" branchCoverage="0" maxCyclomaticComplexity="0" minCyclomaticComplexity="0" maxCrapScore="0" minCrapScore="0" visitedClasses="0" numClasses="0" visitedMethods="1" numMethods="1" />
              <MetadataToken>100663304</MetadataToken>
              <Name>AQ.Domain.Merge.ItemId AQ.Domain.Merge.Grid::Get(System.Int32)</Name>
              <FileRef uid="2" />
              <SequencePoints>
                <SequencePoint vc="29" uspid="903" ordinal="0" offset="0" sl="17" sc="41" el="17" ec="41" bec="0" bev="0" fileid="2" />
              </SequencePoints>
              <BranchPoints />
            </Method>
            <Method visited="true" cyclomaticComplexity="0" nPathComplexity="0" sequenceCoverage="100.0" branchCoverage="0" crapScore="0" isConstructor="false" isStatic="false" isGetter="false" isSetter="false">
              <Summary numSequencePoints="1" visitedSequencePoints="1" numBranchPoints="0" visitedBranchPoints="0" sequenceCoverage="100.0" branchCoverage="0" maxCyclomaticComplexity="0" minCyclomaticComplexity="0" maxCrapScore="0" minCrapScore="0" visitedClasses="0" numClasses="0" visitedMethods="1" numMethods="1" />
              <MetadataToken>100663305</MetadataToken>
              <Name>System.Void AQ.Domain.Merge.Grid::Set(System.Int32, AQ.Domain.Merge.ItemId)</Name>
              <FileRef uid="2" />
              <SequencePoints>
                <SequencePoint vc="55" uspid="904" ordinal="0" offset="0" sl="18" sc="55" el="18" ec="55" bec="0" bev="0" fileid="2" />
              </SequencePoints>
              <BranchPoints />
            </Method>
            <Method visited="true" cyclomaticComplexity="0" nPathComplexity="0" sequenceCoverage="100.0" branchCoverage="0" crapScore="0" isConstructor="false" isStatic="false" isGetter="false" isSetter="false">
              <Summary numSequencePoints="11" visitedSequencePoints="11" numBranchPoints="0" visitedBranchPoints="0" sequenceCoverage="100.0" branchCoverage="0" maxCyclomaticComplexity="0" minCyclomaticComplexity="0" maxCrapScore="0" minCrapScore="0" visitedClasses="0" numClasses="0" visitedMethods="1" numMethods="1" />
              <MetadataToken>100663306</MetadataToken>
              <Name>System.Boolean AQ.Domain.Merge.Grid::Contains(AQ.Domain.Merge.ItemId)</Name>
              <FileRef uid="2" />
              <SequencePoints>
                <SequencePoint vc="2" uspid="905" ordinal="0" offset="0" sl="22" sc="9" el="22" ec="9" bec="0" bev="0" fileid="2" />
                <SequencePoint vc="2" uspid="906" ordinal="0" offset="1" sl="23" sc="13" el="23" ec="13" bec="0" bev="0" fileid="2" />
                <SequencePoint vc="2" uspid="907" ordinal="0" offset="2" sl="23" sc="32" el="23" ec="32" bec="0" bev="0" fileid="2" />
                <SequencePoint vc="3" uspid="908" ordinal="0" offset="16" sl="23" sc="22" el="23" ec="22" bec="0" bev="0" fileid="2" />
                <SequencePoint vc="3" uspid="909" ordinal="0" offset="24" sl="24" sc="13" el="24" ec="13" bec="0" bev="0" fileid="2" />
                <SequencePoint vc="3" uspid="910" ordinal="0" offset="25" sl="25" sc="17" el="25" ec="17" bec="0" bev="0" fileid="2" />
                <SequencePoint vc="1" uspid="911" ordinal="0" offset="45" sl="25" sc="45" el="25" ec="45" bec="0" bev="0" fileid="2" />
                <SequencePoint vc="2" uspid="912" ordinal="0" offset="50" sl="26" sc="13" el="26" ec="13" bec="0" bev="0" fileid="2" />
                <SequencePoint vc="4" uspid="913" ordinal="0" offset="51" sl="23" sc="29" el="23" ec="29" bec="0" bev="0" fileid="2" />
                <SequencePoint vc="1" uspid="914" ordinal="0" offset="77" sl="27" sc="13" el="27" ec="13" bec="0" bev="0" fileid="2" />
                <SequencePoint vc="2" uspid="915" ordinal="0" offset="82" sl="28" sc="9" el="28" ec="9" bec="0" bev="0" fileid="2" />
              </SequencePoints>
              <BranchPoints />
            </Method>
            <Method visited="true" cyclomaticComplexity="0" nPathComplexity="0" sequenceCoverage="100.0" branchCoverage="0" crapScore="0" isConstructor="true" isStatic="false" isGetter="false" isSetter="false">
              <Summary numSequencePoints="1" visitedSequencePoints="1" numBranchPoints="0" visitedBranchPoints="0" sequenceCoverage="100.0" branchCoverage="0" maxCyclomaticComplexity="0" minCyclomaticComplexity="0" maxCrapScore="0" minCrapScore="0" visitedClasses="0" numClasses="0" visitedMethods="1" numMethods="1" />
              <MetadataToken>100663307</MetadataToken>
              <Name>AQ.Domain.Merge.Grid::Grid()</Name>
              <FileRef uid="2" />
              <SequencePoints>
                <SequencePoint vc="23" uspid="916" ordinal="0" offset="0" sl="7" sc="9" el="7" ec="9" bec="0" bev="0" fileid="2" />
              </SequencePoints>
              <BranchPoints />
            </Method>
          </Methods>
        </Class>
        <Class>
          <Summary numSequencePoints="43" visitedSequencePoints="14" numBranchPoints="0" visitedBranchPoints="0" sequenceCoverage="32.56" branchCoverage="0.0" maxCyclomaticComplexity="0" minCyclomaticComplexity="0" maxCrapScore="0" minCrapScore="0" visitedClasses="1" numClasses="1" visitedMethods="2" numMethods="2" />
          <FullName>AQ.Domain.Merge.GridOps</FullName>
          <Methods>
            <Method visited="true" cyclomaticComplexity="0" nPathComplexity="0" sequenceCoverage="31.58" branchCoverage="0" crapScore="0" isConstructor="false" isStatic="true" isGetter="false" isSetter="false">
              <Summary numSequencePoints="19" visitedSequencePoints="6" numBranchPoints="0" visitedBranchPoints="0" sequenceCoverage="31.58" branchCoverage="0" maxCyclomaticComplexity="0" minCyclomaticComplexity="0" maxCrapScore="0" minCrapScore="0" visitedClasses="0" numClasses="0" visitedMethods="1" numMethods="1" />
              <MetadataToken>100663308</MetadataToken>
              <Name>static AQ.Domain.Merge.ItemId AQ.Domain.Merge.GridOps::GetCell(AQ.Domain.Merge.IGrid, System.Int32)</Name>
              <FileRef uid="3" />
              <SequencePoints>
                <SequencePoint vc="44" uspid="917" ordinal="0" offset="0" sl="9" sc="9" el="9" ec="9" bec="0" bev="0" fileid="3" />
                <SequencePoint vc="44" uspid="918" ordinal="0" offset="1" sl="10" sc="13" el="10" ec="13" bec="0" bev="0" fileid="3" />
                <SequencePoint vc="44" uspid="919" ordinal="0" offset="8" sl="13" sc="13" el="13" ec="13" bec="0" bev="0" fileid="3" />
                <SequencePoint vc="44" uspid="920" ordinal="0" offset="39" sl="14" sc="13" el="14" ec="13" bec="0" bev="0" fileid="3" />
                <SequencePoint vc="44" uspid="921" ordinal="0" offset="61" sl="15" sc="17" el="15" ec="17" bec="0" bev="0" fileid="3" />
                <SequencePoint vc="0" uspid="922" ordinal="0" offset="95" sl="18" sc="13" el="18" ec="13" bec="0" bev="0" fileid="3" />
                <SequencePoint vc="0" uspid="923" ordinal="0" offset="194" sl="21" sc="13" el="21" ec="13" bec="0" bev="0" fileid="3" />
                <SequencePoint vc="0" uspid="924" ordinal="0" offset="207" sl="22" sc="17" el="22" ec="17" bec="0" bev="0" fileid="3" />
                <SequencePoint vc="0" uspid="925" ordinal="0" offset="241" sl="25" sc="13" el="25" ec="13" bec="0" bev="0" fileid="3" />
                <SequencePoint vc="0" uspid="926" ordinal="0" offset="242" sl="25" sc="32" el="25" ec="32" bec="0" bev="0" fileid="3" />
                <SequencePoint vc="0" uspid="927" ordinal="0" offset="257" sl="25" sc="22" el="25" ec="22" bec="0" bev="0" fileid="3" />
                <SequencePoint vc="0" uspid="928" ordinal="0" offset="264" sl="26" sc="13" el="26" ec="13" bec="0" bev="0" fileid="3" />
                <SequencePoint vc="0" uspid="929" ordinal="0" offset="265" sl="27" sc="17" el="27" ec="17" bec="0" bev="0" fileid="3" />
                <SequencePoint vc="0" uspid="930" ordinal="0" offset="274" sl="28" sc="17" el="28" ec="17" bec="0" bev="0" fileid="3" />
                <SequencePoint vc="0" uspid="931" ordinal="0" offset="338" sl="29" sc="21" el="29" ec="21" bec="0" bev="0" fileid="3" />
                <SequencePoint vc="0" uspid="932" ordinal="0" offset="370" sl="30" sc="13" el="30" ec="13" bec="0" bev="0" fileid="3" />
                <SequencePoint vc="0" uspid="933" ordinal="0" offset="377" sl="25" sc="29" el="25" ec="29" bec="0" bev="0" fileid="3" />
                <SequencePoint vc="0" uspid="934" ordinal="0" offset="385" sl="32" sc="13" el="32" ec="13" bec="0" bev="0" fileid="3" />
                <SequencePoint vc="44" uspid="935" ordinal="0" offset="399" sl="33" sc="9" el="33" ec="9" bec="0" bev="0" fileid="3" />
              </SequencePoints>
              <BranchPoints />
            </Method>
            <Method visited="true" cyclomaticComplexity="0" nPathComplexity="0" sequenceCoverage="33.33" branchCoverage="0" crapScore="0" isConstructor="false" isStatic="true" isGetter="false" isSetter="false">
              <Summary numSequencePoints="24" visitedSequencePoints="8" numBranchPoints="0" visitedBranchPoints="0" sequenceCoverage="33.33" branchCoverage="0" maxCyclomaticComplexity="0" minCyclomaticComplexity="0" maxCrapScore="0" minCrapScore="0" visitedClasses="0" numClasses="0" visitedMethods="1" numMethods="1" />
              <MetadataToken>100663309</MetadataToken>
              <Name>static System.Void AQ.Domain.Merge.GridOps::SetCell(AQ.Domain.Merge.IGrid, System.Int32, AQ.Domain.Merge.ItemId)</Name>
              <FileRef uid="3" />
              <SequencePoints>
                <SequencePoint vc="32" uspid="936" ordinal="0" offset="0" sl="36" sc="9" el="36" ec="9" bec="0" bev="0" fileid="3" />
                <SequencePoint vc="32" uspid="937" ordinal="0" offset="1" sl="37" sc="13" el="37" ec="13" bec="0" bev="0" fileid="3" />
                <SequencePoint vc="32" uspid="938" ordinal="0" offset="8" sl="39" sc="13" el="39" ec="13" bec="0" bev="0" fileid="3" />
                <SequencePoint vc="32" uspid="939" ordinal="0" offset="39" sl="40" sc="13" el="40" ec="13" bec="0" bev="0" fileid="3" />
                <SequencePoint vc="32" uspid="940" ordinal="0" offset="61" sl="41" sc="13" el="41" ec="13" bec="0" bev="0" fileid="3" />
                <SequencePoint vc="32" uspid="941" ordinal="0" offset="62" sl="42" sc="17" el="42" ec="17" bec="0" bev="0" fileid="3" />
                <SequencePoint vc="32" uspid="942" ordinal="0" offset="91" sl="43" sc="17" el="43" ec="17" bec="0" bev="0" fileid="3" />
                <SequencePoint vc="0" uspid="943" ordinal="0" offset="96" sl="46" sc="13" el="46" ec="13" bec="0" bev="0" fileid="3" />
                <SequencePoint vc="0" uspid="944" ordinal="0" offset="234" sl="49" sc="13" el="49" ec="13" bec="0" bev="0" fileid="3" />
                <SequencePoint vc="0" uspid="945" ordinal="0" offset="247" sl="50" sc="13" el="50" ec="13" bec="0" bev="0" fileid="3" />
                <SequencePoint vc="0" uspid="946" ordinal="0" offset="248" sl="51" sc="17" el="51" ec="17" bec="0" bev="0" fileid="3" />
                <SequencePoint vc="0" uspid="947" ordinal="0" offset="280" sl="52" sc="17" el="52" ec="17" bec="0" bev="0" fileid="3" />
                <SequencePoint vc="0" uspid="948" ordinal="0" offset="285" sl="55" sc="13" el="55" ec="13" bec="0" bev="0" fileid="3" />
                <SequencePoint vc="0" uspid="949" ordinal="0" offset="286" sl="55" sc="32" el="55" ec="32" bec="0" bev="0" fileid="3" />
                <SequencePoint vc="0" uspid="950" ordinal="0" offset="304" sl="55" sc="22" el="55" ec="22" bec="0" bev="0" fileid="3" />
                <SequencePoint vc="0" uspid="951" ordinal="0" offset="311" sl="56" sc="13" el="56" ec="13" bec="0" bev="0" fileid="3" />
                <SequencePoint vc="0" uspid="952" ordinal="0" offset="312" sl="57" sc="17" el="57" ec="17" bec="0" bev="0" fileid="3" />
                <SequencePoint vc="0" uspid="953" ordinal="0" offset="321" sl="58" sc="17" el="58" ec="17" bec="0" bev="0" fileid="3" />
                <SequencePoint vc="0" uspid="954" ordinal="0" offset="411" sl="59" sc="17" el="59" ec="17" bec="0" bev="0" fileid="3" />
                <SequencePoint vc="0" uspid="955" ordinal="0" offset="412" sl="60" sc="21" el="60" ec="21" bec="0" bev="0" fileid="3" />
                <SequencePoint vc="0" uspid="956" ordinal="0" offset="445" sl="61" sc="21" el="61" ec="21" bec="0" bev="0" fileid="3" />
                <SequencePoint vc="0" uspid="957" ordinal="0" offset="447" sl="63" sc="13" el="63" ec="13" bec="0" bev="0" fileid="3" />
                <SequencePoint vc="0" uspid="958" ordinal="0" offset="454" sl="55" sc="29" el="55" ec="29" bec="0" bev="0" fileid="3" />
                <SequencePoint vc="32" uspid="959" ordinal="0" offset="465" sl="64" sc="9" el="64" ec="9" bec="0" bev="0" fileid="3" />
              </SequencePoints>
              <BranchPoints />
            </Method>
          </Methods>
        </Class>
        <Class>
          <Summary numSequencePoints="8" visitedSequencePoints="8" numBranchPoints="0" visitedBranchPoints="0" sequenceCoverage="100.0" branchCoverage="0.0" maxCyclomaticComplexity="0" minCyclomaticComplexity="0" maxCrapScore="0" minCrapScore="0" visitedClasses="1" numClasses="1" visitedMethods="6" numMethods="6" />
          <FullName>AQ.Domain.Merge.ItemId</FullName>
          <Methods>
            <Method visited="true" cyclomaticComplexity="0" nPathComplexity="0" sequenceCoverage="100.0" branchCoverage="0" crapScore="0" isConstructor="false" isStatic="false" isGetter="true" isSetter="false">
              <Summary numSequencePoints="1" visitedSequencePoints="1" numBranchPoints="0" visitedBranchPoints="0" sequenceCoverage="100.0" branchCoverage="0" maxCyclomaticComplexity="0" minCyclomaticComplexity="0" maxCrapScore="0" minCrapScore="0" visitedClasses="0" numClasses="0" visitedMethods="1" numMethods="1" />
              <MetadataToken>100663312</MetadataToken>
              <Name>System.String AQ.Domain.Merge.ItemId::get_Value()</Name>
              <FileRef uid="4" />
              <SequencePoints>
                <SequencePoint vc="317" uspid="960" ordinal="0" offset="0" sl="7" sc="31" el="7" ec="31" bec="0" bev="0" fileid="4" />
              </SequencePoints>
              <BranchPoints />
            </Method>
            <Method visited="true" cyclomaticComplexity="0" nPathComplexity="0" sequenceCoverage="100.0" branchCoverage="0" crapScore="0" isConstructor="false" isStatic="false" isGetter="false" isSetter="false">
              <Summary numSequencePoints="1" visitedSequencePoints="1" numBranchPoints="0" visitedBranchPoints="0" sequenceCoverage="100.0" branchCoverage="0" maxCyclomaticComplexity="0" minCyclomaticComplexity="0" maxCrapScore="0" minCrapScore="0" visitedClasses="0" numClasses="0" visitedMethods="1" numMethods="1" />
              <MetadataToken>100663314</MetadataToken>
              <Name>System.String AQ.Domain.Merge.ItemId::ToString()</Name>
              <FileRef uid="4" />
              <SequencePoints>
                <SequencePoint vc="5" uspid="961" ordinal="0" offset="0" sl="14" sc="46" el="14" ec="46" bec="0" bev="0" fileid="4" />
              </SequencePoints>
              <BranchPoints />
            </Method>
            <Method visited="true" cyclomaticComplexity="0" nPathComplexity="0" sequenceCoverage="100.0" branchCoverage="0" crapScore="0" isConstructor="false" isStatic="false" isGetter="false" isSetter="false">
              <Summary numSequencePoints="1" visitedSequencePoints="1" numBranchPoints="0" visitedBranchPoints="0" sequenceCoverage="100.0" branchCoverage="0" maxCyclomaticComplexity="0" minCyclomaticComplexity="0" maxCrapScore="0" minCrapScore="0" visitedClasses="0" numClasses="0" visitedMethods="1" numMethods="1" />
              <MetadataToken>100663317</MetadataToken>
              <Name>System.Boolean AQ.Domain.Merge.ItemId::Equals(AQ.Domain.Merge.ItemId)</Name>
              <FileRef uid="4" />
              <SequencePoints>
                <SequencePoint vc="119" uspid="975" ordinal="0" offset="0" sl="35" sc="13" el="35" ec="13" bec="0" bev="0" fileid="4" />
              </SequencePoints>
              <BranchPoints />
            </Method>
            <Method visited="true" cyclomaticComplexity="0" nPathComplexity="0" sequenceCoverage="100.0" branchCoverage="0" crapScore="0" isConstructor="false" isStatic="false" isGetter="false" isSetter="false">
              <Summary numSequencePoints="1" visitedSequencePoints="1" numBranchPoints="0" visitedBranchPoints="0" sequenceCoverage="100.0" branchCoverage="0" maxCyclomaticComplexity="0" minCyclomaticComplexity="0" maxCrapScore="0" minCrapScore="0" visitedClasses="0" numClasses="0" visitedMethods="1" numMethods="1" />
              <MetadataToken>100663318</MetadataToken>
              <Name>System.Boolean AQ.Domain.Merge.ItemId::Equals(System.Object)</Name>
              <FileRef uid="4" />
              <SequencePoints>
                <SequencePoint vc="1" uspid="976" ordinal="0" offset="0" sl="38" sc="13" el="38" ec="13" bec="0" bev="0" fileid="4" />
              </SequencePoints>
              <BranchPoints />
            </Method>
            <Method visited="true" cyclomaticComplexity="0" nPathComplexity="0" sequenceCoverage="100.0" branchCoverage="0" crapScore="0" isConstructor="false" isStatic="false" isGetter="false" isSetter="false">
              <Summary numSequencePoints="1" visitedSequencePoints="1" numBranchPoints="0" visitedBranchPoints="0" sequenceCoverage="100.0" branchCoverage="0" maxCyclomaticComplexity="0" minCyclomaticComplexity="0" maxCrapScore="0" minCrapScore="0" visitedClasses="0" numClasses="0" visitedMethods="1" numMethods="1" />
              <MetadataToken>100663319</MetadataToken>
              <Name>System.Int32 AQ.Domain.Merge.ItemId::GetHashCode()</Name>
              <FileRef uid="4" />
              <SequencePoints>
                <SequencePoint vc="64" uspid="977" ordinal="0" offset="0" sl="40" sc="46" el="40" ec="46" bec="0" bev="0" fileid="4" />
              </SequencePoints>
              <BranchPoints />
            </Method>
            <Method visited="true" cyclomaticComplexity="0" nPathComplexity="0" sequenceCoverage="100.0" branchCoverage="0" crapScore="0" isConstructor="true" isStatic="false" isGetter="false" isSetter="false">
              <Summary numSequencePoints="3" visitedSequencePoints="3" numBranchPoints="0" visitedBranchPoints="0" sequenceCoverage="100.0" branchCoverage="0" maxCyclomaticComplexity="0" minCyclomaticComplexity="0" maxCrapScore="0" minCrapScore="0" visitedClasses="0" numClasses="0" visitedMethods="1" numMethods="1" />
              <MetadataToken>100663313</MetadataToken>
              <Name>AQ.Domain.Merge.ItemId::ItemId(System.String)</Name>
              <FileRef uid="4" />
              <SequencePoints>
                <SequencePoint vc="92" uspid="978" ordinal="0" offset="0" sl="10" sc="9" el="10" ec="9" bec="0" bev="0" fileid="4" />
                <SequencePoint vc="92" uspid="979" ordinal="0" offset="1" sl="11" sc="13" el="11" ec="13" bec="0" bev="0" fileid="4" />
                <SequencePoint vc="92" uspid="980" ordinal="0" offset="17" sl="12" sc="9" el="12" ec="9" bec="0" bev="0" fileid="4" />
              </SequencePoints>
              <BranchPoints />
            </Method>
          </Methods>
        </Class>
        <Class>
          <Summary numSequencePoints="42" visitedSequencePoints="39" numBranchPoints="0" visitedBranchPoints="0" sequenceCoverage="92.86" branchCoverage="0.0" maxCyclomaticComplexity="0" minCyclomaticComplexity="0" maxCrapScore="0" minCrapScore="0" visitedClasses="1" numClasses="1" visitedMethods="3" numMethods="3" />
          <FullName>AQ.Domain.Merge.MergeEngine</FullName>
          <Methods>
            <Method visited="true" cyclomaticComplexity="0" nPathComplexity="0" sequenceCoverage="80.00" branchCoverage="0" crapScore="0" isConstructor="false" isStatic="false" isGetter="false" isSetter="false">
              <Summary numSequencePoints="10" visitedSequencePoints="8" numBranchPoints="0" visitedBranchPoints="0" sequenceCoverage="80.00" branchCoverage="0" maxCyclomaticComplexity="0" minCyclomaticComplexity="0" maxCrapScore="0" minCrapScore="0" visitedClasses="0" numClasses="0" visitedMethods="1" numMethods="1" />
              <MetadataToken>100663325</MetadataToken>
              <Name>AQ.SharedKernel.Result[ItemId] AQ.Domain.Merge.MergeEngine::TryMerge(AQ.Domain.Merge.ItemId, AQ.Domain.Merge.ItemId)</Name>
              <FileRef uid="5" />
              <SequencePoints>
                <SequencePoint vc="2" uspid="981" ordinal="0" offset="0" sl="56" sc="9" el="56" ec="9" bec="0" bev="0" fileid="5" />
                <SequencePoint vc="2" uspid="982" ordinal="0" offset="1" sl="57" sc="13" el="57" ec="13" bec="0" bev="0" fileid="5" />
                <SequencePoint vc="0" uspid="983" ordinal="0" offset="16" sl="58" sc="17" el="58" ec="17" bec="0" bev="0" fileid="5" />
                <SequencePoint vc="2" uspid="984" ordinal="0" offset="30" sl="60" sc="13" el="60" ec="13" bec="0" bev="0" fileid="5" />
                <SequencePoint vc="0" uspid="985" ordinal="0" offset="54" sl="61" sc="17" el="61" ec="17" bec="0" bev="0" fileid="5" />
                <SequencePoint vc="2" uspid="986" ordinal="0" offset="68" sl="64" sc="13" el="64" ec="13" bec="0" bev="0" fileid="5" />
                <SequencePoint vc="2" uspid="987" ordinal="0" offset="80" sl="67" sc="13" el="67" ec="13" bec="0" bev="0" fileid="5" />
                <SequencePoint vc="2" uspid="988" ordinal="0" offset="91" sl="68" sc="13" el="68" ec="13" bec="0" bev="0" fileid="5" />
                <SequencePoint vc="2" uspid="989" ordinal="0" offset="104" sl="70" sc="13" el="70" ec="13" bec="0" bev="0" fileid="5" />
                <SequencePoint vc="2" uspid="990" ordinal="0" offset="114" sl="71" sc="9" el="71" ec="9" bec="0" bev="0" fileid="5" />
              </SequencePoints>
              <BranchPoints />
            </Method>
            <Method visited="true" cyclomaticComplexity="0" nPathComplexity="0" sequenceCoverage="95.45" branchCoverage="0" crapScore="0" isConstructor="false" isStatic="false" isGetter="false" isSetter="false">
              <Summary numSequencePoints="22" visitedSequencePoints="21" numBranchPoints="0" visitedBranchPoints="0" sequenceCoverage="95.45" branchCoverage="0" maxCyclomaticComplexity="0" minCyclomaticComplexity="0" maxCrapScore="0" minCrapScore="0" visitedClasses="0" numClasses="0" visitedMethods="1" numMethods="1" />
              <MetadataToken>100663326</MetadataToken>
              <Name>AQ.SharedKernel.Result[ItemId] AQ.Domain.Merge.MergeEngine::TryMerge(System.Int32, System.Int32)</Name>
              <FileRef uid="5" />
              <SequencePoints>
                <SequencePoint vc="30" uspid="991" ordinal="0" offset="0" sl="75" sc="9" el="75" ec="9" bec="0" bev="0" fileid="5" />
                <SequencePoint vc="30" uspid="992" ordinal="0" offset="1" sl="76" sc="13" el="76" ec="13" bec="0" bev="0" fileid="5" />
                <SequencePoint vc="30" uspid="993" ordinal="0" offset="13" sl="78" sc="13" el="78" ec="13" bec="0" bev="0" fileid="5" />
                <SequencePoint vc="8" uspid="994" ordinal="0" offset="45" sl="79" sc="17" el="79" ec="17" bec="0" bev="0" fileid="5" />
                <SequencePoint vc="22" uspid="995" ordinal="0" offset="62" sl="80" sc="13" el="80" ec="13" bec="0" bev="0" fileid="5" />
                <SequencePoint vc="0" uspid="996" ordinal="0" offset="94" sl="81" sc="17" el="81" ec="17" bec="0" bev="0" fileid="5" />
                <SequencePoint vc="22" uspid="997" ordinal="0" offset="111" sl="83" sc="13" el="83" ec="13" bec="0" bev="0" fileid="5" />
                <SequencePoint vc="22" uspid="998" ordinal="0" offset="124" sl="84" sc="13" el="84" ec="13" bec="0" bev="0" fileid="5" />
                <SequencePoint vc="22" uspid="999" ordinal="0" offset="138" sl="86" sc="13" el="86" ec="13" bec="0" bev="0" fileid="5" />
                <SequencePoint vc="4" uspid="1000" ordinal="0" offset="156" sl="87" sc="17" el="87" ec="17" bec="0" bev="0" fileid="5" />
                <SequencePoint vc="18" uspid="1001" ordinal="0" offset="173" sl="89" sc="13" el="89" ec="13" bec="0" bev="0" fileid="5" />
                <SequencePoint vc="2" uspid="1002" ordinal="0" offset="198" sl="90" sc="17" el="90" ec="17" bec="0" bev="0" fileid="5" />
                <SequencePoint vc="16" uspid="1003" ordinal="0" offset="215" sl="92" sc="13" el="92" ec="13" bec="0" bev="0" fileid="5" />
                <SequencePoint vc="16" uspid="1004" ordinal="0" offset="238" sl="93" sc="13" el="93" ec="13" bec="0" bev="0" fileid="5" />
                <SequencePoint vc="16" uspid="1005" ordinal="0" offset="253" sl="95" sc="13" el="95" ec="13" bec="0" bev="0" fileid="5" />
                <SequencePoint vc="16" uspid="1006" ordinal="0" offset="267" sl="96" sc="13" el="96" ec="13" bec="0" bev="0" fileid="5" />
                <SequencePoint vc="16" uspid="1007" ordinal="0" offset="282" sl="97" sc="13" el="97" ec="13" bec="0" bev="0" fileid="5" />
                <SequencePoint vc="16" uspid="1008" ordinal="0" offset="297" sl="99" sc="13" el="99" ec="13" bec="0" bev="0" fileid="5" />
                <SequencePoint vc="16" uspid="1009" ordinal="0" offset="310" sl="101" sc="13" el="101" ec="13" bec="0" bev="0" fileid="5" />
                <SequencePoint vc="16" uspid="1010" ordinal="0" offset="324" sl="102" sc="13" el="102" ec="13" bec="0" bev="0" fileid="5" />
                <SequencePoint vc="16" uspid="1011" ordinal="0" offset="338" sl="104" sc="13" el="104" ec="13" bec="0" bev="0" fileid="5" />
                <SequencePoint vc="30" uspid="1012" ordinal="0" offset="349" sl="105" sc="9" el="105" ec="9" bec="0" bev="0" fileid="5" />
              </SequencePoints>
              <BranchPoints />
            </Method>
            <Method visited="true" cyclomaticComplexity="0" nPathComplexity="0" sequenceCoverage="100.0" branchCoverage="0" crapScore="0" isConstructor="true" isStatic="false" isGetter="false" isSetter="false">
              <Summary numSequencePoints="10" visitedSequencePoints="10" numBranchPoints="0" visitedBranchPoints="0" sequenceCoverage="100.0" branchCoverage="0" maxCyclomaticComplexity="0" minCyclomaticComplexity="0" maxCrapScore="0" minCrapScore="0" visitedClasses="0" numClasses="0" visitedMethods="1" numMethods="1" />
              <MetadataToken>100663320</MetadataToken>
              <Name>AQ.Domain.Merge.MergeEngine::MergeEngine(AQ.Domain.Merge.IGrid, AQ.Domain.Merge.IRecipeBook, AQ.SharedKernel.IEventBus, AQ.SharedKernel.IRandom, AQ.SharedKernel.ITimeProvider)</Name>
              <FileRef uid="5" />
              <SequencePoints>
                <SequencePoint vc="18" uspid="1018" ordinal="0" offset="0" sl="15" sc="9" el="15" ec="9" bec="0" bev="0" fileid="5" />
                <SequencePoint vc="18" uspid="1019" ordinal="0" offset="11" sl="16" sc="9" el="16" ec="9" bec="0" bev="0" fileid="5" />
                <SequencePoint vc="18" uspid="1020" ordinal="0" offset="31" sl="19" sc="9" el="19" ec="9" bec="0" bev="0" fileid="5" />
                <SequencePoint vc="18" uspid="1021" ordinal="0" offset="38" sl="20" sc="9" el="20" ec="9" bec="0" bev="0" fileid="5" />
                <SequencePoint vc="18" uspid="1022" ordinal="0" offset="39" sl="21" sc="13" el="21" ec="13" bec="0" bev="0" fileid="5" />
                <SequencePoint vc="18" uspid="1023" ordinal="0" offset="46" sl="21" sc="27" el="21" ec="27" bec="0" bev="0" fileid="5" />
                <SequencePoint vc="18" uspid="1024" ordinal="0" offset="53" sl="21" sc="47" el="21" ec="47" bec="0" bev="0" fileid="5" />
                <SequencePoint vc="18" uspid="1025" ordinal="0" offset="60" sl="21" sc="59" el="21" ec="59" bec="0" bev="0" fileid="5" />
                <SequencePoint vc="18" uspid="1026" ordinal="0" offset="68" sl="21" sc="71" el="21" ec="71" bec="0" bev="0" fileid="5" />
                <SequencePoint vc="18" uspid="1027" ordinal="0" offset="76" sl="22" sc="9" el="22" ec="9" bec="0" bev="0" fileid="5" />
              </SequencePoints>
              <BranchPoints />
            </Method>
          </Methods>
        </Class>
        <Class>
          <Summary numSequencePoints="8" visitedSequencePoints="8" numBranchPoints="0" visitedBranchPoints="0" sequenceCoverage="100.0" branchCoverage="0.0" maxCyclomaticComplexity="0" minCyclomaticComplexity="0" maxCrapScore="0" minCrapScore="0" visitedClasses="1" numClasses="1" visitedMethods="4" numMethods="4" />
          <FullName>AQ.Domain.Merge.MergePerformed</FullName>
          <Methods>
            <Method visited="true" cyclomaticComplexity="0" nPathComplexity="0" sequenceCoverage="100.0" branchCoverage="0" crapScore="0" isConstructor="false" isStatic="false" isGetter="true" isSetter="false">
              <Summary numSequencePoints="1" visitedSequencePoints="1" numBranchPoints="0" visitedBranchPoints="0" sequenceCoverage="100.0" branchCoverage="0" maxCyclomaticComplexity="0" minCyclomaticComplexity="0" maxCrapScore="0" minCrapScore="0" visitedClasses="0" numClasses="0" visitedMethods="1" numMethods="1" />
              <MetadataToken>100663328</MetadataToken>
              <Name>AQ.Domain.Merge.ItemId AQ.Domain.Merge.MergePerformed::get_A()</Name>
              <FileRef uid="6" />
              <SequencePoints>
                <SequencePoint vc="1" uspid="1040" ordinal="0" offset="0" sl="5" sc="27" el="5" ec="27" bec="0" bev="0" fileid="6" />
              </SequencePoints>
              <BranchPoints />
            </Method>
            <Method visited="true" cyclomaticComplexity="0" nPathComplexity="0" sequenceCoverage="100.0" branchCoverage="0" crapScore="0" isConstructor="false" isStatic="false" isGetter="true" isSetter="false">
              <Summary numSequencePoints="1" visitedSequencePoints="1" numBranchPoints="0" visitedBranchPoints="0" sequenceCoverage="100.0" branchCoverage="0" maxCyclomaticComplexity="0" minCyclomaticComplexity="0" maxCrapScore="0" minCrapScore="0" visitedClasses="0" numClasses="0" visitedMethods="1" numMethods="1" />
              <MetadataToken>100663329</MetadataToken>
              <Name>AQ.Domain.Merge.ItemId AQ.Domain.Merge.MergePerformed::get_B()</Name>
              <FileRef uid="6" />
              <SequencePoints>
                <SequencePoint vc="1" uspid="1041" ordinal="0" offset="0" sl="6" sc="27" el="6" ec="27" bec="0" bev="0" fileid="6" />
              </SequencePoints>
              <BranchPoints />
            </Method>
            <Method visited="true" cyclomaticComplexity="0" nPathComplexity="0" sequenceCoverage="100.0" branchCoverage="0" crapScore="0" isConstructor="false" isStatic="false" isGetter="true" isSetter="false">
              <Summary numSequencePoints="1" visitedSequencePoints="1" numBranchPoints="0" visitedBranchPoints="0" sequenceCoverage="100.0" branchCoverage="0" maxCyclomaticComplexity="0" minCyclomaticComplexity="0" maxCrapScore="0" minCrapScore="0" visitedClasses="0" numClasses="0" visitedMethods="1" numMethods="1" />
              <MetadataToken>100663330</MetadataToken>
              <Name>AQ.Domain.Merge.ItemId AQ.Domain.Merge.MergePerformed::get_Result()</Name>
              <FileRef uid="6" />
              <SequencePoints>
                <SequencePoint vc="1" uspid="1042" ordinal="0" offset="0" sl="7" sc="32" el="7" ec="32" bec="0" bev="0" fileid="6" />
              </SequencePoints>
              <BranchPoints />
            </Method>
            <Method visited="true" cyclomaticComplexity="0" nPathComplexity="0" sequenceCoverage="100.0" branchCoverage="0" crapScore="0" isConstructor="true" isStatic="false" isGetter="false" isSetter="false">
              <Summary numSequencePoints="5" visitedSequencePoints="5" numBranchPoints="0" visitedBranchPoints="0" sequenceCoverage="100.0" branchCoverage="0" maxCyclomaticComplexity="0" minCyclomaticComplexity="0" maxCrapScore="0" minCrapScore="0" visitedClasses="0" numClasses="0" visitedMethods="1" numMethods="1" />
              <MetadataToken>100663331</MetadataToken>
              <Name>AQ.Domain.Merge.MergePerformed::MergePerformed(AQ.Domain.Merge.ItemId, AQ.Domain.Merge.ItemId, AQ.Domain.Merge.ItemId)</Name>
              <FileRef uid="6" />
              <SequencePoints>
                <SequencePoint vc="1" uspid="1043" ordinal="0" offset="0" sl="10" sc="9" el="10" ec="9" bec="0" bev="0" fileid="6" />
                <SequencePoint vc="1" uspid="1044" ordinal="0" offset="1" sl="11" sc="13" el="11" ec="13" bec="0" bev="0" fileid="6" />
                <SequencePoint vc="1" uspid="1045" ordinal="0" offset="8" sl="11" sc="20" el="11" ec="20" bec="0" bev="0" fileid="6" />
                <SequencePoint vc="1" uspid="1046" ordinal="0" offset="15" sl="11" sc="27" el="11" ec="27" bec="0" bev="0" fileid="6" />
                <SequencePoint vc="1" uspid="1047" ordinal="0" offset="22" sl="12" sc="9" el="12" ec="9" bec="0" bev="0" fileid="6" />
              </SequencePoints>
              <BranchPoints />
            </Method>
          </Methods>
        </Class>
        <Class>
          <Summary numSequencePoints="14" visitedSequencePoints="14" numBranchPoints="0" visitedBranchPoints="0" sequenceCoverage="100.0" branchCoverage="0.0" maxCyclomaticComplexity="0" minCyclomaticComplexity="0" maxCrapScore="0" minCrapScore="0" visitedClasses="1" numClasses="1" visitedMethods="4" numMethods="4" />
          <FullName>AQ.Domain.Merge.RecipeBook</FullName>
          <Methods>
            <Method visited="true" cyclomaticComplexity="0" nPathComplexity="0" sequenceCoverage="100.0" branchCoverage="0" crapScore="0" isConstructor="false" isStatic="false" isGetter="false" isSetter="false">
              <Summary numSequencePoints="3" visitedSequencePoints="3" numBranchPoints="0" visitedBranchPoints="0" sequenceCoverage="100.0" branchCoverage="0" maxCyclomaticComplexity="0" minCyclomaticComplexity="0" maxCrapScore="0" minCrapScore="0" visitedClasses="0" numClasses="0" visitedMethods="1" numMethods="1" />
              <MetadataToken>100663332</MetadataToken>
              <Name>System.Void AQ.Domain.Merge.RecipeBook::AddRecipe(AQ.Domain.Merge.ItemId, AQ.Domain.Merge.ItemId, AQ.Domain.Merge.ItemId)</Name>
              <FileRef uid="7" />
              <SequencePoints>
                <SequencePoint vc="1" uspid="1048" ordinal="0" offset="0" sl="12" sc="9" el="12" ec="9" bec="0" bev="0" fileid="7" />
                <SequencePoint vc="1" uspid="1049" ordinal="0" offset="1" sl="13" sc="13" el="13" ec="13" bec="0" bev="0" fileid="7" />
                <SequencePoint vc="1" uspid="1050" ordinal="0" offset="21" sl="14" sc="9" el="14" ec="9" bec="0" bev="0" fileid="7" />
              </SequencePoints>
              <BranchPoints />
            </Method>
            <Method visited="true" cyclomaticComplexity="0" nPathComplexity="0" sequenceCoverage="100.0" branchCoverage="0" crapScore="0" isConstructor="false" isStatic="false" isGetter="false" isSetter="false">
              <Summary numSequencePoints="3" visitedSequencePoints="3" numBranchPoints="0" visitedBranchPoints="0" sequenceCoverage="100.0" branchCoverage="0" maxCyclomaticComplexity="0" minCyclomaticComplexity="0" maxCrapScore="0" minCrapScore="0" visitedClasses="0" numClasses="0" visitedMethods="1" numMethods="1" />
              <MetadataToken>100663333</MetadataToken>
              <Name>System.Boolean AQ.Domain.Merge.RecipeBook::TryGetResult(AQ.Domain.Merge.ItemId, AQ.Domain.Merge.ItemId, AQ.Domain.Merge.ItemId&amp;)</Name>
              <FileRef uid="7" />
              <SequencePoints>
                <SequencePoint vc="3" uspid="1051" ordinal="0" offset="0" sl="17" sc="9" el="17" ec="9" bec="0" bev="0" fileid="7" />
                <SequencePoint vc="3" uspid="1052" ordinal="0" offset="1" sl="18" sc="13" el="18" ec="13" bec="0" bev="0" fileid="7" />
                <SequencePoint vc="3" uspid="1053" ordinal="0" offset="23" sl="19" sc="9" el="19" ec="9" bec="0" bev="0" fileid="7" />
              </SequencePoints>
              <BranchPoints />
            </Method>
            <Method visited="true" cyclomaticComplexity="0" nPathComplexity="0" sequenceCoverage="100.0" branchCoverage="0" crapScore="0" isConstructor="false" isStatic="true" isGetter="false" isSetter="false">
              <Summary numSequencePoints="7" visitedSequencePoints="7" numBranchPoints="0" visitedBranchPoints="0" sequenceCoverage="100.0" branchCoverage="0" maxCyclomaticComplexity="0" minCyclomaticComplexity="0" maxCrapScore="0" minCrapScore="0" visitedClasses="0" numClasses="0" visitedMethods="1" numMethods="1" />
              <MetadataToken>100663334</MetadataToken>
              <Name>static System.String AQ.Domain.Merge.RecipeBook::MakeKey(AQ.Domain.Merge.ItemId, AQ.Domain.Merge.ItemId)</Name>
              <FileRef uid="7" />
              <SequencePoints>
                <SequencePoint vc="4" uspid="1054" ordinal="0" offset="0" sl="22" sc="9" el="22" ec="9" bec="0" bev="0" fileid="7" />
                <SequencePoint vc="4" uspid="1055" ordinal="0" offset="1" sl="23" sc="13" el="23" ec="13" bec="0" bev="0" fileid="7" />
                <SequencePoint vc="4" uspid="1056" ordinal="0" offset="18" sl="24" sc="13" el="24" ec="13" bec="0" bev="0" fileid="7" />
                <SequencePoint vc="4" uspid="1057" ordinal="0" offset="35" sl="27" sc="13" el="27" ec="13" bec="0" bev="0" fileid="7" />
                <SequencePoint vc="3" uspid="1058" ordinal="0" offset="53" sl="28" sc="17" el="28" ec="17" bec="0" bev="0" fileid="7" />
                <SequencePoint vc="1" uspid="1059" ordinal="0" offset="68" sl="29" sc="13" el="29" ec="13" bec="0" bev="0" fileid="7" />
                <SequencePoint vc="4" uspid="1060" ordinal="0" offset="83" sl="30" sc="9" el="30" ec="9" bec="0" bev="0" fileid="7" />
              </SequencePoints>
              <BranchPoints />
            </Method>
            <Method visited="true" cyclomaticComplexity="0" nPathComplexity="0" sequenceCoverage="100.0" branchCoverage="0" crapScore="0" isConstructor="true" isStatic="false" isGetter="false" isSetter="false">
              <Summary numSequencePoints="1" visitedSequencePoints="1" numBranchPoints="0" visitedBranchPoints="0" sequenceCoverage="100.0" branchCoverage="0" maxCyclomaticComplexity="0" minCyclomaticComplexity="0" maxCrapScore="0" minCrapScore="0" visitedClasses="0" numClasses="0" visitedMethods="1" numMethods="1" />
              <MetadataToken>100663335</MetadataToken>
              <Name>AQ.Domain.Merge.RecipeBook::RecipeBook()</Name>
              <FileRef uid="7" />
              <SequencePoints>
                <SequencePoint vc="2" uspid="1061" ordinal="0" offset="0" sl="9" sc="9" el="9" ec="9" bec="0" bev="0" fileid="7" />
              </SequencePoints>
              <BranchPoints />
            </Method>
          </Methods>
        </Class>
        <Class>
          <Summary numSequencePoints="9" visitedSequencePoints="6" numBranchPoints="0" visitedBranchPoints="0" sequenceCoverage="66.67" branchCoverage="0.0" maxCyclomaticComplexity="0" minCyclomaticComplexity="0" maxCrapScore="0" minCrapScore="0" visitedClasses="1" numClasses="1" visitedMethods="3" numMethods="3" />
          <FullName>AQ.Domain.Merge.EventHelpers/&lt;&gt;c</FullName>
          <Methods>
            <Method visited="true" cyclomaticComplexity="0" nPathComplexity="0" sequenceCoverage="57.14" branchCoverage="0" crapScore="0" isConstructor="false" isStatic="false" isGetter="false" isSetter="false">
              <Summary numSequencePoints="7" visitedSequencePoints="4" numBranchPoints="0" visitedBranchPoints="0" sequenceCoverage="57.14" branchCoverage="0" maxCyclomaticComplexity="0" minCyclomaticComplexity="0" maxCrapScore="0" minCrapScore="0" visitedClasses="0" numClasses="0" visitedMethods="1" numMethods="1" />
              <MetadataToken>100663338</MetadataToken>
              <Name>System.Collections.Generic.IEnumerable[Type] AQ.Domain.Merge.EventHelpers/&lt;&gt;c::&lt;TryCreateMergePerformed&gt;b__0_0(System.Reflection.Assembly)</Name>
              <FileRef uid="1" />
              <SequencePoints>
                <SequencePoint vc="2664" uspid="1062" ordinal="0" offset="0" sl="14" sc="34" el="14" ec="34" bec="0" bev="0" fileid="1" />
                <SequencePoint vc="2664" uspid="1063" ordinal="0" offset="1" sl="14" sc="40" el="14" ec="40" bec="0" bev="0" fileid="1" />
                <SequencePoint vc="2664" uspid="1064" ordinal="0" offset="2" sl="14" sc="42" el="14" ec="42" bec="0" bev="0" fileid="1" />
                <SequencePoint vc="0" uspid="1065" ordinal="0" offset="11" sl="14" sc="65" el="14" ec="65" bec="0" bev="0" fileid="1" />
                <SequencePoint vc="0" uspid="1066" ordinal="0" offset="12" sl="14" sc="71" el="14" ec="71" bec="0" bev="0" fileid="1" />
                <SequencePoint vc="0" uspid="1067" ordinal="0" offset="13" sl="14" sc="73" el="14" ec="73" bec="0" bev="0" fileid="1" />
                <SequencePoint vc="2664" uspid="1068" ordinal="0" offset="21" sl="14" sc="99" el="14" ec="99" bec="0" bev="0" fileid="1" />
              </SequencePoints>
              <BranchPoints />
            </Method>
            <Method visited="true" cyclomaticComplexity="0" nPathComplexity="0" sequenceCoverage="100.0" branchCoverage="0" crapScore="0" isConstructor="false" isStatic="false" isGetter="false" isSetter="false">
              <Summary numSequencePoints="1" visitedSequencePoints="1" numBranchPoints="0" visitedBranchPoints="0" sequenceCoverage="100.0" branchCoverage="0" maxCyclomaticComplexity="0" minCyclomaticComplexity="0" maxCrapScore="0" minCrapScore="0" visitedClasses="0" numClasses="0" visitedMethods="1" numMethods="1" />
              <MetadataToken>100663339</MetadataToken>
              <Name>System.Boolean AQ.Domain.Merge.EventHelpers/&lt;&gt;c::&lt;TryCreateMergePerformed&gt;b__0_1(System.Type)</Name>
              <FileRef uid="1" />
              <SequencePoints>
                <SequencePoint vc="486342" uspid="1069" ordinal="0" offset="0" sl="15" sc="38" el="15" ec="38" bec="0" bev="0" fileid="1" />
              </SequencePoints>
              <BranchPoints />
            </Method>
            <Method visited="true" cyclomaticComplexity="0" nPathComplexity="0" sequenceCoverage="100.0" branchCoverage="0" crapScore="0" isConstructor="false" isStatic="false" isGetter="false" isSetter="false">
              <Summary numSequencePoints="1" visitedSequencePoints="1" numBranchPoints="0" visitedBranchPoints="0" sequenceCoverage="100.0" branchCoverage="0" maxCyclomaticComplexity="0" minCyclomaticComplexity="0" maxCrapScore="0" minCrapScore="0" visitedClasses="0" numClasses="0" visitedMethods="1" numMethods="1" />
              <MetadataToken>100663340</MetadataToken>
              <Name>System.Boolean AQ.Domain.Merge.EventHelpers/&lt;&gt;c::&lt;PublishDynamic&gt;b__1_0(System.Reflection.MethodInfo)</Name>
              <FileRef uid="1" />
              <SequencePoints>
                <SequencePoint vc="18" uspid="1070" ordinal="0" offset="0" sl="45" sc="60" el="45" ec="60" bec="0" bev="0" fileid="1" />
              </SequencePoints>
              <BranchPoints />
            </Method>
          </Methods>
        </Class>
        <Class>
          <Summary numSequencePoints="3" visitedSequencePoints="0" numBranchPoints="0" visitedBranchPoints="0" sequenceCoverage="0.0" branchCoverage="0.0" maxCyclomaticComplexity="0" minCyclomaticComplexity="0" maxCrapScore="0" minCrapScore="0" visitedClasses="0" numClasses="1" visitedMethods="0" numMethods="2" />
          <FullName>AQ.Domain.Merge.MergeEngine/NullBus</FullName>
          <Methods>
            <Method visited="false" cyclomaticComplexity="0" nPathComplexity="0" sequenceCoverage="0.0" branchCoverage="0" crapScore="0" isConstructor="false" isStatic="false" isGetter="false" isSetter="false">
              <Summary numSequencePoints="2" visitedSequencePoints="0" numBranchPoints="0" visitedBranchPoints="0" sequenceCoverage="0.0" branchCoverage="0" maxCyclomaticComplexity="0" minCyclomaticComplexity="0" maxCrapScore="0" minCrapScore="0" visitedClasses="0" numClasses="0" visitedMethods="0" numMethods="1" />
              <MetadataToken>100663348</MetadataToken>
              <Name>System.Void AQ.Domain.Merge.MergeEngine/NullBus::Publish[T](T)</Name>
              <FileRef uid="5" />
              <SequencePoints>
                <SequencePoint vc="0" uspid="1077" ordinal="0" offset="0" sl="36" sc="0" el="36" ec="0" bec="0" bev="0" fileid="5" />
                <SequencePoint vc="0" uspid="1078" ordinal="0" offset="1" sl="36" sc="0" el="36" ec="0" bec="0" bev="0" fileid="5" />
              </SequencePoints>
              <BranchPoints />
            </Method>
            <Method visited="false" cyclomaticComplexity="0" nPathComplexity="0" sequenceCoverage="0.0" branchCoverage="0" crapScore="0" isConstructor="false" isStatic="false" isGetter="false" isSetter="false">
              <Summary numSequencePoints="1" visitedSequencePoints="0" numBranchPoints="0" visitedBranchPoints="0" sequenceCoverage="0.0" branchCoverage="0" maxCyclomaticComplexity="0" minCyclomaticComplexity="0" maxCrapScore="0" minCrapScore="0" visitedClasses="0" numClasses="0" visitedMethods="0" numMethods="1" />
              <MetadataToken>100663349</MetadataToken>
              <Name>System.IDisposable AQ.Domain.Merge.MergeEngine/NullBus::Subscribe[T](System.Action[T])</Name>
              <FileRef uid="5" />
              <SequencePoints>
                <SequencePoint vc="0" uspid="1079" ordinal="0" offset="0" sl="37" sc="0" el="37" ec="0" bec="0" bev="0" fileid="5" />
              </SequencePoints>
              <BranchPoints />
            </Method>
          </Methods>
        </Class>
      </Classes>
    </Module>
    <Module>
      <Summary numSequencePoints="65" visitedSequencePoints="61" numBranchPoints="0" visitedBranchPoints="0" sequenceCoverage="93.85" branchCoverage="0.0" maxCyclomaticComplexity="0" minCyclomaticComplexity="0" maxCrapScore="0" minCrapScore="0" visitedClasses="5" numClasses="5" visitedMethods="18" numMethods="20" />
      <ModuleTime>0001-01-01T00:00:00</ModuleTime>
      <ModuleName>AQ.SharedKernel</ModuleName>
      <Files>
        <File uid="8" fullPath="./Packages/com.aq.sharedkernel/Runtime/Events/InMemoryEventBus.cs" />
        <File uid="9" fullPath="./Packages/com.aq.sharedkernel/Runtime/Logging/ILogger.cs" />
        <File uid="10" fullPath="./Packages/com.aq.sharedkernel/Runtime/Random/DeterministicRandom.cs" />
        <File uid="11" fullPath="./Packages/com.aq.sharedkernel/Runtime/Result/Result.cs" />
        <File uid="12" fullPath="./Packages/com.aq.sharedkernel/Runtime/Time/ITimeProvider.cs" />
      </Files>
      <Classes>
        <Class>
          <Summary numSequencePoints="23" visitedSequencePoints="22" numBranchPoints="0" visitedBranchPoints="0" sequenceCoverage="95.65" branchCoverage="0.0" maxCyclomaticComplexity="0" minCyclomaticComplexity="0" maxCrapScore="0" minCrapScore="0" visitedClasses="1" numClasses="1" visitedMethods="3" numMethods="3" />
          <FullName>AQ.SharedKernel.InMemoryEventBus</FullName>
          <Methods>
            <Method visited="true" cyclomaticComplexity="0" nPathComplexity="0" sequenceCoverage="91.67" branchCoverage="0" crapScore="0" isConstructor="false" isStatic="false" isGetter="false" isSetter="false">
              <Summary numSequencePoints="12" visitedSequencePoints="11" numBranchPoints="0" visitedBranchPoints="0" sequenceCoverage="91.67" branchCoverage="0" maxCyclomaticComplexity="0" minCyclomaticComplexity="0" maxCrapScore="0" minCrapScore="0" visitedClasses="0" numClasses="0" visitedMethods="1" numMethods="1" />
              <MetadataToken>100663305</MetadataToken>
              <Name>System.IDisposable AQ.SharedKernel.InMemoryEventBus::Subscribe[T](System.Action[T])</Name>
              <FileRef uid="8" />
              <SequencePoints>
                <SequencePoint vc="2" uspid="1082" ordinal="0" offset="0" sl="12" sc="0" el="12" ec="0" bec="0" bev="0" fileid="8" />
                <SequencePoint vc="2" uspid="1083" ordinal="0" offset="1" sl="13" sc="0" el="13" ec="0" bec="0" bev="0" fileid="8" />
                <SequencePoint vc="0" uspid="1084" ordinal="0" offset="9" sl="13" sc="0" el="13" ec="0" bec="0" bev="0" fileid="8" />
                <SequencePoint vc="2" uspid="1085" ordinal="0" offset="20" sl="14" sc="0" el="14" ec="0" bec="0" bev="0" fileid="8" />
                <SequencePoint vc="2" uspid="1086" ordinal="0" offset="31" sl="16" sc="0" el="16" ec="0" bec="0" bev="0" fileid="8" />
                <SequencePoint vc="2" uspid="1087" ordinal="0" offset="52" sl="17" sc="0" el="17" ec="0" bec="0" bev="0" fileid="8" />
                <SequencePoint vc="2" uspid="1088" ordinal="0" offset="53" sl="18" sc="0" el="18" ec="0" bec="0" bev="0" fileid="8" />
                <SequencePoint vc="2" uspid="1089" ordinal="0" offset="59" sl="19" sc="0" el="19" ec="0" bec="0" bev="0" fileid="8" />
                <SequencePoint vc="2" uspid="1090" ordinal="0" offset="73" sl="20" sc="0" el="20" ec="0" bec="0" bev="0" fileid="8" />
                <SequencePoint vc="2" uspid="1091" ordinal="0" offset="74" sl="21" sc="0" el="21" ec="0" bec="0" bev="0" fileid="8" />
                <SequencePoint vc="2" uspid="1092" ordinal="0" offset="82" sl="22" sc="0" el="22" ec="0" bec="0" bev="0" fileid="8" />
                <SequencePoint vc="2" uspid="1093" ordinal="0" offset="94" sl="23" sc="0" el="23" ec="0" bec="0" bev="0" fileid="8" />
              </SequencePoints>
              <BranchPoints />
            </Method>
            <Method visited="true" cyclomaticComplexity="0" nPathComplexity="0" sequenceCoverage="100.0" branchCoverage="0" crapScore="0" isConstructor="false" isStatic="false" isGetter="false" isSetter="false">
              <Summary numSequencePoints="10" visitedSequencePoints="10" numBranchPoints="0" visitedBranchPoints="0" sequenceCoverage="100.0" branchCoverage="0" maxCyclomaticComplexity="0" minCyclomaticComplexity="0" maxCrapScore="0" minCrapScore="0" visitedClasses="0" numClasses="0" visitedMethods="1" numMethods="1" />
              <MetadataToken>100663306</MetadataToken>
              <Name>System.Void AQ.SharedKernel.InMemoryEventBus::Publish[T](T)</Name>
              <FileRef uid="8" />
              <SequencePoints>
                <SequencePoint vc="5" uspid="1094" ordinal="0" offset="0" sl="26" sc="0" el="26" ec="0" bec="0" bev="0" fileid="8" />
                <SequencePoint vc="5" uspid="1095" ordinal="0" offset="1" sl="28" sc="0" el="28" ec="0" bec="0" bev="0" fileid="8" />
                <SequencePoint vc="2" uspid="1096" ordinal="0" offset="28" sl="29" sc="0" el="29" ec="0" bec="0" bev="0" fileid="8" />
                <SequencePoint vc="2" uspid="1097" ordinal="0" offset="29" sl="31" sc="0" el="31" ec="0" bec="0" bev="0" fileid="8" />
                <SequencePoint vc="2" uspid="1098" ordinal="0" offset="36" sl="32" sc="0" el="32" ec="0" bec="0" bev="0" fileid="8" />
                <SequencePoint vc="2" uspid="1099" ordinal="0" offset="40" sl="33" sc="0" el="33" ec="0" bec="0" bev="0" fileid="8" />
                <SequencePoint vc="2" uspid="1100" ordinal="0" offset="55" sl="32" sc="0" el="32" ec="0" bec="0" bev="0" fileid="8" />
                <SequencePoint vc="4" uspid="1101" ordinal="0" offset="59" sl="32" sc="0" el="32" ec="0" bec="0" bev="0" fileid="8" />
                <SequencePoint vc="2" uspid="1102" ordinal="0" offset="71" sl="34" sc="0" el="34" ec="0" bec="0" bev="0" fileid="8" />
                <SequencePoint vc="5" uspid="1103" ordinal="0" offset="72" sl="35" sc="0" el="35" ec="0" bec="0" bev="0" fileid="8" />
              </SequencePoints>
              <BranchPoints />
            </Method>
            <Method visited="true" cyclomaticComplexity="0" nPathComplexity="0" sequenceCoverage="100.0" branchCoverage="0" crapScore="0" isConstructor="true" isStatic="false" isGetter="false" isSetter="false">
              <Summary numSequencePoints="1" visitedSequencePoints="1" numBranchPoints="0" visitedBranchPoints="0" sequenceCoverage="100.0" branchCoverage="0" maxCyclomaticComplexity="0" minCyclomaticComplexity="0" maxCrapScore="0" minCrapScore="0" visitedClasses="0" numClasses="0" visitedMethods="1" numMethods="1" />
              <MetadataToken>100663307</MetadataToken>
              <Name>AQ.SharedKernel.InMemoryEventBus::InMemoryEventBus()</Name>
              <FileRef uid="8" />
              <SequencePoints>
                <SequencePoint vc="3" uspid="1104" ordinal="0" offset="0" sl="8" sc="9" el="8" ec="9" bec="0" bev="0" fileid="8" />
              </SequencePoints>
              <BranchPoints />
            </Method>
          </Methods>
        </Class>
        <Class>
          <Summary numSequencePoints="5" visitedSequencePoints="5" numBranchPoints="0" visitedBranchPoints="0" sequenceCoverage="100.0" branchCoverage="0.0" maxCyclomaticComplexity="0" minCyclomaticComplexity="0" maxCrapScore="0" minCrapScore="0" visitedClasses="1" numClasses="1" visitedMethods="2" numMethods="2" />
          <FullName>AQ.SharedKernel.NullLogger</FullName>
          <Methods>
            <Method visited="true" cyclomaticComplexity="0" nPathComplexity="0" sequenceCoverage="100.0" branchCoverage="0" crapScore="0" isConstructor="false" isStatic="false" isGetter="false" isSetter="false">
              <Summary numSequencePoints="2" visitedSequencePoints="2" numBranchPoints="0" visitedBranchPoints="0" sequenceCoverage="100.0" branchCoverage="0" maxCyclomaticComplexity="0" minCyclomaticComplexity="0" maxCrapScore="0" minCrapScore="0" visitedClasses="0" numClasses="0" visitedMethods="1" numMethods="1" />
              <MetadataToken>100663310</MetadataToken>
              <Name>System.Void AQ.SharedKernel.NullLogger::Log(AQ.SharedKernel.LogLevel, System.String)</Name>
              <FileRef uid="9" />
              <SequencePoints>
                <SequencePoint vc="1" uspid="1105" ordinal="0" offset="0" sl="12" sc="57" el="12" ec="57" bec="0" bev="0" fileid="9" />
                <SequencePoint vc="1" uspid="1106" ordinal="0" offset="1" sl="12" sc="81" el="12" ec="81" bec="0" bev="0" fileid="9" />
              </SequencePoints>
              <BranchPoints />
            </Method>
            <Method visited="true" cyclomaticComplexity="0" nPathComplexity="0" sequenceCoverage="100.0" branchCoverage="0" crapScore="0" isConstructor="true" isStatic="false" isGetter="false" isSetter="false">
              <Summary numSequencePoints="3" visitedSequencePoints="3" numBranchPoints="0" visitedBranchPoints="0" sequenceCoverage="100.0" branchCoverage="0" maxCyclomaticComplexity="0" minCyclomaticComplexity="0" maxCrapScore="0" minCrapScore="0" visitedClasses="0" numClasses="0" visitedMethods="1" numMethods="1" />
              <MetadataToken>100663309</MetadataToken>
              <Name>AQ.SharedKernel.NullLogger::NullLogger()</Name>
              <FileRef uid="9" />
              <SequencePoints>
                <SequencePoint vc="1" uspid="1107" ordinal="0" offset="0" sl="11" sc="9" el="11" ec="9" bec="0" bev="0" fileid="9" />
                <SequencePoint vc="1" uspid="1108" ordinal="0" offset="7" sl="11" sc="30" el="11" ec="30" bec="0" bev="0" fileid="9" />
                <SequencePoint vc="1" uspid="1109" ordinal="0" offset="8" sl="11" sc="31" el="11" ec="31" bec="0" bev="0" fileid="9" />
              </SequencePoints>
              <BranchPoints />
            </Method>
          </Methods>
        </Class>
        <Class>
          <Summary numSequencePoints="8" visitedSequencePoints="8" numBranchPoints="0" visitedBranchPoints="0" sequenceCoverage="100.0" branchCoverage="0.0" maxCyclomaticComplexity="0" minCyclomaticComplexity="0" maxCrapScore="0" minCrapScore="0" visitedClasses="1" numClasses="1" visitedMethods="5" numMethods="5" />
          <FullName>AQ.SharedKernel.DeterministicRandom</FullName>
          <Methods>
            <Method visited="true" cyclomaticComplexity="0" nPathComplexity="0" sequenceCoverage="100.0" branchCoverage="0" crapScore="0" isConstructor="false" isStatic="false" isGetter="false" isSetter="false">
              <Summary numSequencePoints="1" visitedSequencePoints="1" numBranchPoints="0" visitedBranchPoints="0" sequenceCoverage="100.0" branchCoverage="0" maxCyclomaticComplexity="0" minCyclomaticComplexity="0" maxCrapScore="0" minCrapScore="0" visitedClasses="0" numClasses="0" visitedMethods="1" numMethods="1" />
              <MetadataToken>100663313</MetadataToken>
              <Name>System.Int32 AQ.SharedKernel.DeterministicRandom::Next()</Name>
              <FileRef uid="10" />
              <SequencePoints>
                <SequencePoint vc="2" uspid="1111" ordinal="0" offset="0" sl="13" sc="30" el="13" ec="30" bec="0" bev="0" fileid="10" />
              </SequencePoints>
              <BranchPoints />
            </Method>
            <Method visited="true" cyclomaticComplexity="0" nPathComplexity="0" sequenceCoverage="100.0" branchCoverage="0" crapScore="0" isConstructor="false" isStatic="false" isGetter="false" isSetter="false">
              <Summary numSequencePoints="1" visitedSequencePoints="1" numBranchPoints="0" visitedBranchPoints="0" sequenceCoverage="100.0" branchCoverage="0" maxCyclomaticComplexity="0" minCyclomaticComplexity="0" maxCrapScore="0" minCrapScore="0" visitedClasses="0" numClasses="0" visitedMethods="1" numMethods="1" />
              <MetadataToken>100663314</MetadataToken>
              <Name>System.Int32 AQ.SharedKernel.DeterministicRandom::Next(System.Int32)</Name>
              <FileRef uid="10" />
              <SequencePoints>
                <SequencePoint vc="2" uspid="1112" ordinal="0" offset="0" sl="14" sc="46" el="14" ec="46" bec="0" bev="0" fileid="10" />
              </SequencePoints>
              <BranchPoints />
            </Method>
            <Method visited="true" cyclomaticComplexity="0" nPathComplexity="0" sequenceCoverage="100.0" branchCoverage="0" crapScore="0" isConstructor="false" isStatic="false" isGetter="false" isSetter="false">
              <Summary numSequencePoints="1" visitedSequencePoints="1" numBranchPoints="0" visitedBranchPoints="0" sequenceCoverage="100.0" branchCoverage="0" maxCyclomaticComplexity="0" minCyclomaticComplexity="0" maxCrapScore="0" minCrapScore="0" visitedClasses="0" numClasses="0" visitedMethods="1" numMethods="1" />
              <MetadataToken>100663315</MetadataToken>
              <Name>System.Int32 AQ.SharedKernel.DeterministicRandom::Next(System.Int32, System.Int32)</Name>
              <FileRef uid="10" />
              <SequencePoints>
                <SequencePoint vc="2" uspid="1113" ordinal="0" offset="0" sl="15" sc="64" el="15" ec="64" bec="0" bev="0" fileid="10" />
              </SequencePoints>
              <BranchPoints />
            </Method>
            <Method visited="true" cyclomaticComplexity="0" nPathComplexity="0" sequenceCoverage="100.0" branchCoverage="0" crapScore="0" isConstructor="false" isStatic="false" isGetter="false" isSetter="false">
              <Summary numSequencePoints="1" visitedSequencePoints="1" numBranchPoints="0" visitedBranchPoints="0" sequenceCoverage="100.0" branchCoverage="0" maxCyclomaticComplexity="0" minCyclomaticComplexity="0" maxCrapScore="0" minCrapScore="0" visitedClasses="0" numClasses="0" visitedMethods="1" numMethods="1" />
              <MetadataToken>100663316</MetadataToken>
              <Name>System.Double AQ.SharedKernel.DeterministicRandom::NextDouble()</Name>
              <FileRef uid="10" />
              <SequencePoints>
                <SequencePoint vc="5" uspid="1114" ordinal="0" offset="0" sl="16" sc="39" el="16" ec="39" bec="0" bev="0" fileid="10" />
              </SequencePoints>
              <BranchPoints />
            </Method>
            <Method visited="true" cyclomaticComplexity="0" nPathComplexity="0" sequenceCoverage="100.0" branchCoverage="0" crapScore="0" isConstructor="true" isStatic="false" isGetter="false" isSetter="false">
              <Summary numSequencePoints="4" visitedSequencePoints="4" numBranchPoints="0" visitedBranchPoints="0" sequenceCoverage="100.0" branchCoverage="0" maxCyclomaticComplexity="0" minCyclomaticComplexity="0" maxCrapScore="0" minCrapScore="0" visitedClasses="0" numClasses="0" visitedMethods="1" numMethods="1" />
              <MetadataToken>100663312</MetadataToken>
              <Name>AQ.SharedKernel.DeterministicRandom::DeterministicRandom(System.Int32)</Name>
              <FileRef uid="10" />
              <SequencePoints>
                <SequencePoint vc="3" uspid="1115" ordinal="0" offset="0" sl="11" sc="9" el="11" ec="9" bec="0" bev="0" fileid="10" />
                <SequencePoint vc="3" uspid="1116" ordinal="0" offset="7" sl="11" sc="46" el="11" ec="46" bec="0" bev="0" fileid="10" />
                <SequencePoint vc="3" uspid="1117" ordinal="0" offset="8" sl="11" sc="48" el="11" ec="48" bec="0" bev="0" fileid="10" />
                <SequencePoint vc="3" uspid="1118" ordinal="0" offset="20" sl="11" sc="73" el="11" ec="73" bec="0" bev="0" fileid="10" />
              </SequencePoints>
              <BranchPoints />
            </Method>
          </Methods>
        </Class>
        <Class>
          <Summary numSequencePoints="12" visitedSequencePoints="10" numBranchPoints="0" visitedBranchPoints="0" sequenceCoverage="83.33" branchCoverage="0.0" maxCyclomaticComplexity="0" minCyclomaticComplexity="0" maxCrapScore="0" minCrapScore="0" visitedClasses="1" numClasses="1" visitedMethods="6" numMethods="8" />
          <FullName>AQ.SharedKernel.Result[T]</FullName>
          <Methods>
            <Method visited="true" cyclomaticComplexity="0" nPathComplexity="0" sequenceCoverage="100.0" branchCoverage="0" crapScore="0" isConstructor="false" isStatic="false" isGetter="true" isSetter="false">
              <Summary numSequencePoints="1" visitedSequencePoints="1" numBranchPoints="0" visitedBranchPoints="0" sequenceCoverage="100.0" branchCoverage="0" maxCyclomaticComplexity="0" minCyclomaticComplexity="0" maxCrapScore="0" minCrapScore="0" visitedClasses="0" numClasses="0" visitedMethods="1" numMethods="1" />
              <MetadataToken>100663321</MetadataToken>
              <Name>System.Boolean AQ.SharedKernel.Result[T]::get_IsSuccess()</Name>
              <FileRef uid="11" />
              <SequencePoints>
                <SequencePoint vc="29" uspid="1119" ordinal="0" offset="0" sl="8" sc="0" el="8" ec="0" bec="0" bev="0" fileid="11" />
              </SequencePoints>
              <BranchPoints />
            </Method>
            <Method visited="true" cyclomaticComplexity="0" nPathComplexity="0" sequenceCoverage="100.0" branchCoverage="0" crapScore="0" isConstructor="false" isStatic="false" isGetter="true" isSetter="false">
              <Summary numSequencePoints="1" visitedSequencePoints="1" numBranchPoints="0" visitedBranchPoints="0" sequenceCoverage="100.0" branchCoverage="0" maxCyclomaticComplexity="0" minCyclomaticComplexity="0" maxCrapScore="0" minCrapScore="0" visitedClasses="0" numClasses="0" visitedMethods="1" numMethods="1" />
              <MetadataToken>100663322</MetadataToken>
              <Name>T AQ.SharedKernel.Result[T]::get_Value()</Name>
              <FileRef uid="11" />
              <SequencePoints>
                <SequencePoint vc="3" uspid="1120" ordinal="0" offset="0" sl="9" sc="0" el="9" ec="0" bec="0" bev="0" fileid="11" />
              </SequencePoints>
              <BranchPoints />
            </Method>
            <Method visited="true" cyclomaticComplexity="0" nPathComplexity="0" sequenceCoverage="100.0" branchCoverage="0" crapScore="0" isConstructor="false" isStatic="false" isGetter="true" isSetter="false">
              <Summary numSequencePoints="1" visitedSequencePoints="1" numBranchPoints="0" visitedBranchPoints="0" sequenceCoverage="100.0" branchCoverage="0" maxCyclomaticComplexity="0" minCyclomaticComplexity="0" maxCrapScore="0" minCrapScore="0" visitedClasses="0" numClasses="0" visitedMethods="1" numMethods="1" />
              <MetadataToken>100663323</MetadataToken>
              <Name>System.String AQ.SharedKernel.Result[T]::get_Error()</Name>
              <FileRef uid="11" />
              <SequencePoints>
                <SequencePoint vc="2" uspid="1121" ordinal="0" offset="0" sl="10" sc="0" el="10" ec="0" bec="0" bev="0" fileid="11" />
              </SequencePoints>
              <BranchPoints />
            </Method>
            <Method visited="true" cyclomaticComplexity="0" nPathComplexity="0" sequenceCoverage="100.0" branchCoverage="0" crapScore="0" isConstructor="false" isStatic="true" isGetter="false" isSetter="false">
              <Summary numSequencePoints="1" visitedSequencePoints="1" numBranchPoints="0" visitedBranchPoints="0" sequenceCoverage="100.0" branchCoverage="0" maxCyclomaticComplexity="0" minCyclomaticComplexity="0" maxCrapScore="0" minCrapScore="0" visitedClasses="0" numClasses="0" visitedMethods="1" numMethods="1" />
              <MetadataToken>100663325</MetadataToken>
              <Name>static AQ.SharedKernel.Result[T] AQ.SharedKernel.Result[T]::Ok(T)</Name>
              <FileRef uid="11" />
              <SequencePoints>
                <SequencePoint vc="18" uspid="1122" ordinal="0" offset="0" sl="17" sc="0" el="17" ec="0" bec="0" bev="0" fileid="11" />
              </SequencePoints>
              <BranchPoints />
            </Method>
            <Method visited="true" cyclomaticComplexity="0" nPathComplexity="0" sequenceCoverage="100.0" branchCoverage="0" crapScore="0" isConstructor="false" isStatic="true" isGetter="false" isSetter="false">
              <Summary numSequencePoints="1" visitedSequencePoints="1" numBranchPoints="0" visitedBranchPoints="0" sequenceCoverage="100.0" branchCoverage="0" maxCyclomaticComplexity="0" minCyclomaticComplexity="0" maxCrapScore="0" minCrapScore="0" visitedClasses="0" numClasses="0" visitedMethods="1" numMethods="1" />
              <MetadataToken>100663326</MetadataToken>
              <Name>static AQ.SharedKernel.Result[T] AQ.SharedKernel.Result[T]::Fail(System.String)</Name>
              <FileRef uid="11" />
              <SequencePoints>
                <SequencePoint vc="14" uspid="1123" ordinal="0" offset="0" sl="19" sc="0" el="19" ec="0" bec="0" bev="0" fileid="11" />
              </SequencePoints>
              <BranchPoints />
            </Method>
            <Method visited="false" cyclomaticComplexity="0" nPathComplexity="0" sequenceCoverage="0.0" branchCoverage="0" crapScore="0" isConstructor="false" isStatic="false" isGetter="false" isSetter="false">
              <Summary numSequencePoints="1" visitedSequencePoints="0" numBranchPoints="0" visitedBranchPoints="0" sequenceCoverage="0.0" branchCoverage="0" maxCyclomaticComplexity="0" minCyclomaticComplexity="0" maxCrapScore="0" minCrapScore="0" visitedClasses="0" numClasses="0" visitedMethods="0" numMethods="1" />
              <MetadataToken>100663327</MetadataToken>
              <Name>T AQ.SharedKernel.Result[T]::OrThrow()</Name>
              <FileRef uid="11" />
              <SequencePoints>
                <SequencePoint vc="0" uspid="1124" ordinal="0" offset="0" sl="21" sc="0" el="21" ec="0" bec="0" bev="0" fileid="11" />
              </SequencePoints>
              <BranchPoints />
            </Method>
            <Method visited="false" cyclomaticComplexity="0" nPathComplexity="0" sequenceCoverage="0.0" branchCoverage="0" crapScore="0" isConstructor="false" isStatic="false" isGetter="false" isSetter="false">
              <Summary numSequencePoints="1" visitedSequencePoints="0" numBranchPoints="0" visitedBranchPoints="0" sequenceCoverage="0.0" branchCoverage="0" maxCyclomaticComplexity="0" minCyclomaticComplexity="0" maxCrapScore="0" minCrapScore="0" visitedClasses="0" numClasses="0" visitedMethods="0" numMethods="1" />
              <MetadataToken>100663328</MetadataToken>
              <Name>System.String AQ.SharedKernel.Result[T]::ToString()</Name>
              <FileRef uid="11" />
              <SequencePoints>
                <SequencePoint vc="0" uspid="1125" ordinal="0" offset="0" sl="25" sc="0" el="25" ec="0" bec="0" bev="0" fileid="11" />
              </SequencePoints>
              <BranchPoints />
            </Method>
            <Method visited="true" cyclomaticComplexity="0" nPathComplexity="0" sequenceCoverage="100.0" branchCoverage="0" crapScore="0" isConstructor="true" isStatic="false" isGetter="false" isSetter="false">
              <Summary numSequencePoints="5" visitedSequencePoints="5" numBranchPoints="0" visitedBranchPoints="0" sequenceCoverage="100.0" branchCoverage="0" maxCyclomaticComplexity="0" minCyclomaticComplexity="0" maxCrapScore="0" minCrapScore="0" visitedClasses="0" numClasses="0" visitedMethods="1" numMethods="1" />
              <MetadataToken>100663324</MetadataToken>
              <Name>AQ.SharedKernel.Result[T]::Result(System.Boolean, T, System.String)</Name>
              <FileRef uid="11" />
              <SequencePoints>
                <SequencePoint vc="32" uspid="1126" ordinal="0" offset="0" sl="13" sc="0" el="13" ec="0" bec="0" bev="0" fileid="11" />
                <SequencePoint vc="32" uspid="1127" ordinal="0" offset="1" sl="14" sc="0" el="14" ec="0" bec="0" bev="0" fileid="11" />
                <SequencePoint vc="32" uspid="1128" ordinal="0" offset="8" sl="14" sc="0" el="14" ec="0" bec="0" bev="0" fileid="11" />
                <SequencePoint vc="32" uspid="1129" ordinal="0" offset="15" sl="14" sc="0" el="14" ec="0" bec="0" bev="0" fileid="11" />
                <SequencePoint vc="32" uspid="1130" ordinal="0" offset="22" sl="15" sc="0" el="15" ec="0" bec="0" bev="0" fileid="11" />
              </SequencePoints>
              <BranchPoints />
            </Method>
          </Methods>
        </Class>
        <Class>
          <Summary numSequencePoints="17" visitedSequencePoints="16" numBranchPoints="0" visitedBranchPoints="0" sequenceCoverage="94.12" branchCoverage="0.0" maxCyclomaticComplexity="0" minCyclomaticComplexity="0" maxCrapScore="0" minCrapScore="0" visitedClasses="1" numClasses="1" visitedMethods="2" numMethods="2" />
          <FullName>AQ.SharedKernel.InMemoryEventBus/Subscription</FullName>
          <Methods>
            <Method visited="true" cyclomaticComplexity="0" nPathComplexity="0" sequenceCoverage="90.91" branchCoverage="0" crapScore="0" isConstructor="false" isStatic="false" isGetter="false" isSetter="false">
              <Summary numSequencePoints="11" visitedSequencePoints="10" numBranchPoints="0" visitedBranchPoints="0" sequenceCoverage="90.91" branchCoverage="0" maxCyclomaticComplexity="0" minCyclomaticComplexity="0" maxCrapScore="0" minCrapScore="0" visitedClasses="0" numClasses="0" visitedMethods="1" numMethods="1" />
              <MetadataToken>100663335</MetadataToken>
              <Name>System.Void AQ.SharedKernel.InMemoryEventBus/Subscription::Dispose()</Name>
              <FileRef uid="8" />
              <SequencePoints>
                <SequencePoint vc="2" uspid="1136" ordinal="0" offset="0" sl="50" sc="13" el="50" ec="13" bec="0" bev="0" fileid="8" />
                <SequencePoint vc="2" uspid="1137" ordinal="0" offset="1" sl="51" sc="17" el="51" ec="17" bec="0" bev="0" fileid="8" />
                <SequencePoint vc="0" uspid="1138" ordinal="0" offset="11" sl="51" sc="32" el="51" ec="32" bec="0" bev="0" fileid="8" />
                <SequencePoint vc="2" uspid="1139" ordinal="0" offset="13" sl="53" sc="17" el="53" ec="17" bec="0" bev="0" fileid="8" />
                <SequencePoint vc="2" uspid="1140" ordinal="0" offset="41" sl="54" sc="17" el="54" ec="17" bec="0" bev="0" fileid="8" />
                <SequencePoint vc="2" uspid="1141" ordinal="0" offset="42" sl="55" sc="21" el="55" ec="21" bec="0" bev="0" fileid="8" />
                <SequencePoint vc="2" uspid="1142" ordinal="0" offset="55" sl="56" sc="21" el="56" ec="21" bec="0" bev="0" fileid="8" />
                <SequencePoint vc="2" uspid="1143" ordinal="0" offset="68" sl="56" sc="42" el="56" ec="42" bec="0" bev="0" fileid="8" />
                <SequencePoint vc="2" uspid="1144" ordinal="0" offset="91" sl="57" sc="17" el="57" ec="17" bec="0" bev="0" fileid="8" />
                <SequencePoint vc="2" uspid="1145" ordinal="0" offset="92" sl="58" sc="17" el="58" ec="17" bec="0" bev="0" fileid="8" />
                <SequencePoint vc="2" uspid="1146" ordinal="0" offset="99" sl="59" sc="13" el="59" ec="13" bec="0" bev="0" fileid="8" />
              </SequencePoints>
              <BranchPoints />
            </Method>
            <Method visited="true" cyclomaticComplexity="0" nPathComplexity="0" sequenceCoverage="100.0" branchCoverage="0" crapScore="0" isConstructor="true" isStatic="false" isGetter="false" isSetter="false">
              <Summary numSequencePoints="6" visitedSequencePoints="6" numBranchPoints="0" visitedBranchPoints="0" sequenceCoverage="100.0" branchCoverage="0" maxCyclomaticComplexity="0" minCyclomaticComplexity="0" maxCrapScore="0" minCrapScore="0" visitedClasses="0" numClasses="0" visitedMethods="1" numMethods="1" />
              <MetadataToken>100663334</MetadataToken>
              <Name>AQ.SharedKernel.InMemoryEventBus/Subscription::Subscription(AQ.SharedKernel.InMemoryEventBus, System.Type, System.Delegate)</Name>
              <FileRef uid="8" />
              <SequencePoints>
                <SequencePoint vc="2" uspid="1147" ordinal="0" offset="0" sl="44" sc="13" el="44" ec="13" bec="0" bev="0" fileid="8" />
                <SequencePoint vc="2" uspid="1148" ordinal="0" offset="7" sl="45" sc="13" el="45" ec="13" bec="0" bev="0" fileid="8" />
                <SequencePoint vc="2" uspid="1149" ordinal="0" offset="8" sl="46" sc="17" el="46" ec="17" bec="0" bev="0" fileid="8" />
                <SequencePoint vc="2" uspid="1150" ordinal="0" offset="15" sl="46" sc="29" el="46" ec="29" bec="0" bev="0" fileid="8" />
                <SequencePoint vc="2" uspid="1151" ordinal="0" offset="22" sl="46" sc="43" el="46" ec="43" bec="0" bev="0" fileid="8" />
                <SequencePoint vc="2" uspid="1152" ordinal="0" offset="29" sl="47" sc="13" el="47" ec="13" bec="0" bev="0" fileid="8" />
              </SequencePoints>
              <BranchPoints />
            </Method>
          </Methods>
        </Class>
      </Classes>
    </Module>
  </Modules>
</CoverageSession>