<?xml version="1.0" encoding="utf-8"?>
<test-run id="2" testcasecount="35" result="Passed" total="35" passed="35" failed="0" inconclusive="0" skipped="0" asserts="0" engine-version="3.5.0.0" clr-version="4.0.30319.42000" start-time="2025-09-04 23:25:11Z" end-time="2025-09-04 23:25:11Z" duration="0.6312734">
  <test-suite type="TestSuite" id="1067" name="aq30-unity" fullname="aq30-unity" runstate="Runnable" testcasecount="35" result="Passed" start-time="2025-09-04 23:25:11Z" end-time="2025-09-04 23:25:11Z" duration="0.631273" total="35" passed="35" failed="0" inconclusive="0" skipped="0" asserts="0">
    <properties>
      <property name="platform" value="EditMode" />
    </properties>
    <test-suite type="Assembly" id="1051" name="AQ.Domain.Merge.Tests.EditMode.dll" fullname="C:/Users/Steph/Dev/aq30-unity/Library/ScriptAssemblies/AQ.Domain.Merge.Tests.EditMode.dll" runstate="Runnable" testcasecount="34" result="Passed" start-time="2025-09-04 23:25:11Z" end-time="2025-09-04 23:25:11Z" duration="0.604278" total="34" passed="34" failed="0" inconclusive="0" skipped="0" asserts="0">
      <properties>
        <property name="_PID" value="14000" />
        <property name="_APPDOMAIN" value="Unity Child Domain" />
        <property name="platform" value="EditMode" />
        <property name="EditorOnly" value="True" />
      </properties>
      <test-suite type="TestSuite" id="1052" name="AQ" fullname="AQ" runstate="Runnable" testcasecount="34" result="Passed" start-time="2025-09-04 23:25:11Z" end-time="2025-09-04 23:25:11Z" duration="0.600261" total="34" passed="34" failed="0" inconclusive="0" skipped="0" asserts="0">
        <properties />
        <test-suite type="TestSuite" id="1053" name="Domain" fullname="AQ.Domain" runstate="Runnable" testcasecount="34" result="Passed" start-time="2025-09-04 23:25:11Z" end-time="2025-09-04 23:25:11Z" duration="0.596791" total="34" passed="34" failed="0" inconclusive="0" skipped="0" asserts="0">
          <properties />
          <test-suite type="TestSuite" id="1054" name="Merge" fullname="AQ.Domain.Merge" runstate="Runnable" testcasecount="34" result="Passed" start-time="2025-09-04 23:25:11Z" end-time="2025-09-04 23:25:11Z" duration="0.593654" total="34" passed="34" failed="0" inconclusive="0" skipped="0" asserts="0">
            <properties />
            <test-suite type="TestSuite" id="1055" name="Tests" fullname="AQ.Domain.Merge.Tests" runstate="Runnable" testcasecount="34" result="Passed" start-time="2025-09-04 23:25:11Z" end-time="2025-09-04 23:25:11Z" duration="0.589877" total="34" passed="34" failed="0" inconclusive="0" skipped="0" asserts="0">
              <properties />
              <test-suite type="TestFixture" id="1001" name="DeterministicRandom_Tests" fullname="AQ.Domain.Merge.Tests.DeterministicRandom_Tests" classname="AQ.Domain.Merge.Tests.DeterministicRandom_Tests" runstate="Runnable" testcasecount="1" result="Passed" start-time="2025-09-04 23:25:11Z" end-time="2025-09-04 23:25:11Z" duration="0.027070" total="1" passed="1" failed="0" inconclusive="0" skipped="0" asserts="0">
                <properties />
                <test-case id="1002" name="Same_seed_produces_identical_sequence" fullname="AQ.Domain.Merge.Tests.DeterministicRandom_Tests.Same_seed_produces_identical_sequence" methodname="Same_seed_produces_identical_sequence" classname="AQ.Domain.Merge.Tests.DeterministicRandom_Tests" runstate="Runnable" seed="1111301971" result="Passed" start-time="2025-09-04 23:25:11Z" end-time="2025-09-04 23:25:11Z" duration="0.011514" asserts="0">
                  <properties>
                    <property name="retryIteration" value="0" />
                    <property name="repeatIteration" value="0" />
                  </properties>
                </test-case>
              </test-suite>
              <test-suite type="TestFixture" id="1003" name="FixedTimeProvider_Smoke_Tests" fullname="AQ.Domain.Merge.Tests.FixedTimeProvider_Smoke_Tests" classname="AQ.Domain.Merge.Tests.FixedTimeProvider_Smoke_Tests" runstate="Runnable" testcasecount="2" result="Passed" start-time="2025-09-04 23:25:11Z" end-time="2025-09-04 23:25:11Z" duration="0.008755" total="2" passed="2" failed="0" inconclusive="0" skipped="0" asserts="0">
                <properties />
                <test-case id="1005" name="Advance_if_available_moves_time_forward" fullname="AQ.Domain.Merge.Tests.FixedTimeProvider_Smoke_Tests.Advance_if_available_moves_time_forward" methodname="Advance_if_available_moves_time_forward" classname="AQ.Domain.Merge.Tests.FixedTimeProvider_Smoke_Tests" runstate="Runnable" seed="406856791" result="Passed" start-time="2025-09-04 23:25:11Z" end-time="2025-09-04 23:25:11Z" duration="0.003411" asserts="0">
                  <properties>
                    <property name="retryIteration" value="0" />
                    <property name="repeatIteration" value="0" />
                  </properties>
                  <reason>
                    <message><![CDATA[No advance API exposed; skipping monotonicity check.]]></message>
                  </reason>
                </test-case>
                <test-case id="1004" name="UtcNow_is_accessible_and_utc_when_available" fullname="AQ.Domain.Merge.Tests.FixedTimeProvider_Smoke_Tests.UtcNow_is_accessible_and_utc_when_available" methodname="UtcNow_is_accessible_and_utc_when_available" classname="AQ.Domain.Merge.Tests.FixedTimeProvider_Smoke_Tests" runstate="Runnable" seed="1067898819" result="Passed" start-time="2025-09-04 23:25:11Z" end-time="2025-09-04 23:25:11Z" duration="0.000882" asserts="0">
                  <properties>
                    <property name="retryIteration" value="0" />
                    <property name="repeatIteration" value="0" />
                  </properties>
                  <reason>
                    <message><![CDATA[FixedTimeProvider exposes no accessible UtcNow in this configuration.]]></message>
                  </reason>
                </test-case>
              </test-suite>
              <test-suite type="TestFixture" id="1006" name="FixedTimeProvider_Tests" fullname="AQ.Domain.Merge.Tests.FixedTimeProvider_Tests" classname="AQ.Domain.Merge.Tests.FixedTimeProvider_Tests" runstate="Runnable" testcasecount="2" result="Passed" start-time="2025-09-04 23:25:11Z" end-time="2025-09-04 23:25:11Z" duration="0.010658" total="2" passed="2" failed="0" inconclusive="0" skipped="0" asserts="0">
                <properties />
                <test-case id="1008" name="If_advance_method_exists_time_moves_forward" fullname="AQ.Domain.Merge.Tests.FixedTimeProvider_Tests.If_advance_method_exists_time_moves_forward" methodname="If_advance_method_exists_time_moves_forward" classname="AQ.Domain.Merge.Tests.FixedTimeProvider_Tests" runstate="Runnable" seed="783386964" result="Passed" start-time="2025-09-04 23:25:11Z" end-time="2025-09-04 23:25:11Z" duration="0.004133" asserts="0">
                  <properties>
                    <property name="retryIteration" value="0" />
                    <property name="repeatIteration" value="0" />
                  </properties>
                </test-case>
                <test-case id="1007" name="UtcNow_is_a_valid_DateTime" fullname="AQ.Domain.Merge.Tests.FixedTimeProvider_Tests.UtcNow_is_a_valid_DateTime" methodname="UtcNow_is_a_valid_DateTime" classname="AQ.Domain.Merge.Tests.FixedTimeProvider_Tests" runstate="Runnable" seed="688385395" result="Passed" start-time="2025-09-04 23:25:11Z" end-time="2025-09-04 23:25:11Z" duration="0.002244" asserts="0">
                  <properties>
                    <property name="retryIteration" value="0" />
                    <property name="repeatIteration" value="0" />
                  </properties>
                </test-case>
              </test-suite>
              <test-suite type="TestFixture" id="1009" name="Grid_Tests" fullname="AQ.Domain.Merge.Tests.Grid_Tests" classname="AQ.Domain.Merge.Tests.Grid_Tests" runstate="Runnable" testcasecount="5" result="Passed" start-time="2025-09-04 23:25:11Z" end-time="2025-09-04 23:25:11Z" duration="0.008503" total="5" passed="5" failed="0" inconclusive="0" skipped="0" asserts="0">
                <properties />
                <test-case id="1014" name="Contains_false_when_no_cell_matches" fullname="AQ.Domain.Merge.Tests.Grid_Tests.Contains_false_when_no_cell_matches" methodname="Contains_false_when_no_cell_matches" classname="AQ.Domain.Merge.Tests.Grid_Tests" runstate="Runnable" seed="1441019317" result="Passed" start-time="2025-09-04 23:25:11Z" end-time="2025-09-04 23:25:11Z" duration="0.001774" asserts="0">
                  <properties>
                    <property name="retryIteration" value="0" />
                    <property name="repeatIteration" value="0" />
                  </properties>
                </test-case>
                <test-case id="1013" name="Contains_true_when_any_cell_matches" fullname="AQ.Domain.Merge.Tests.Grid_Tests.Contains_true_when_any_cell_matches" methodname="Contains_true_when_any_cell_matches" classname="AQ.Domain.Merge.Tests.Grid_Tests" runstate="Runnable" seed="1870833337" result="Passed" start-time="2025-09-04 23:25:11Z" end-time="2025-09-04 23:25:11Z" duration="0.000243" asserts="0">
                  <properties>
                    <property name="retryIteration" value="0" />
                    <property name="repeatIteration" value="0" />
                  </properties>
                </test-case>
                <test-case id="1012" name="Overwrite_replaces_previous_value" fullname="AQ.Domain.Merge.Tests.Grid_Tests.Overwrite_replaces_previous_value" methodname="Overwrite_replaces_previous_value" classname="AQ.Domain.Merge.Tests.Grid_Tests" runstate="Runnable" seed="2144605837" result="Passed" start-time="2025-09-04 23:25:11Z" end-time="2025-09-04 23:25:11Z" duration="0.000613" asserts="0">
                  <properties>
                    <property name="retryIteration" value="0" />
                    <property name="repeatIteration" value="0" />
                  </properties>
                </test-case>
                <test-case id="1011" name="Set_then_get_roundtrips_value" fullname="AQ.Domain.Merge.Tests.Grid_Tests.Set_then_get_roundtrips_value" methodname="Set_then_get_roundtrips_value" classname="AQ.Domain.Merge.Tests.Grid_Tests" runstate="Runnable" seed="813548861" result="Passed" start-time="2025-09-04 23:25:11Z" end-time="2025-09-04 23:25:11Z" duration="0.000232" asserts="0">
                  <properties>
                    <property name="retryIteration" value="0" />
                    <property name="repeatIteration" value="0" />
                  </properties>
                </test-case>
                <test-case id="1010" name="Unset_cell_returns_default" fullname="AQ.Domain.Merge.Tests.Grid_Tests.Unset_cell_returns_default" methodname="Unset_cell_returns_default" classname="AQ.Domain.Merge.Tests.Grid_Tests" runstate="Runnable" seed="2047238452" result="Passed" start-time="2025-09-04 23:25:11Z" end-time="2025-09-04 23:25:11Z" duration="0.000144" asserts="0">
                  <properties>
                    <property name="retryIteration" value="0" />
                    <property name="repeatIteration" value="0" />
                  </properties>
                </test-case>
              </test-suite>
              <test-suite type="TestFixture" id="1015" name="InMemoryEventBus_Tests" fullname="AQ.Domain.Merge.Tests.InMemoryEventBus_Tests" classname="AQ.Domain.Merge.Tests.InMemoryEventBus_Tests" runstate="Runnable" testcasecount="2" result="Passed" start-time="2025-09-04 23:25:11Z" end-time="2025-09-04 23:25:11Z" duration="0.005399" total="2" passed="2" failed="0" inconclusive="0" skipped="0" asserts="0">
                <properties />
                <test-case id="1017" name="Disposed_subscription_is_noop" fullname="AQ.Domain.Merge.Tests.InMemoryEventBus_Tests.Disposed_subscription_is_noop" methodname="Disposed_subscription_is_noop" classname="AQ.Domain.Merge.Tests.InMemoryEventBus_Tests" runstate="Runnable" seed="1221039370" result="Passed" start-time="2025-09-04 23:25:11Z" end-time="2025-09-04 23:25:11Z" duration="0.000981" asserts="0">
                  <properties>
                    <property name="retryIteration" value="0" />
                    <property name="repeatIteration" value="0" />
                  </properties>
                </test-case>
                <test-case id="1016" name="Subscribe_then_Publish_invokes_handler" fullname="AQ.Domain.Merge.Tests.InMemoryEventBus_Tests.Subscribe_then_Publish_invokes_handler" methodname="Subscribe_then_Publish_invokes_handler" classname="AQ.Domain.Merge.Tests.InMemoryEventBus_Tests" runstate="Runnable" seed="2122691151" result="Passed" start-time="2025-09-04 23:25:11Z" end-time="2025-09-04 23:25:11Z" duration="0.000204" asserts="0">
                  <properties>
                    <property name="retryIteration" value="0" />
                    <property name="repeatIteration" value="0" />
                  </properties>
                </test-case>
              </test-suite>
              <test-suite type="TestFixture" id="1018" name="ItemId_MoreTests" fullname="AQ.Domain.Merge.Tests.ItemId_MoreTests" classname="AQ.Domain.Merge.Tests.ItemId_MoreTests" runstate="Runnable" testcasecount="4" result="Passed" start-time="2025-09-04 23:25:11Z" end-time="2025-09-04 23:25:11Z" duration="0.006813" total="4" passed="4" failed="0" inconclusive="0" skipped="0" asserts="0">
                <properties />
                <test-case id="1022" name="Default_ToString_is_safe" fullname="AQ.Domain.Merge.Tests.ItemId_MoreTests.Default_ToString_is_safe" methodname="Default_ToString_is_safe" classname="AQ.Domain.Merge.Tests.ItemId_MoreTests" runstate="Runnable" seed="2083254813" result="Passed" start-time="2025-09-04 23:25:11Z" end-time="2025-09-04 23:25:11Z" duration="0.000801" asserts="0">
                  <properties>
                    <property name="retryIteration" value="0" />
                    <property name="repeatIteration" value="0" />
                  </properties>
                </test-case>
                <test-case id="1020" name="Equals_object_works_with_same_value" fullname="AQ.Domain.Merge.Tests.ItemId_MoreTests.Equals_object_works_with_same_value" methodname="Equals_object_works_with_same_value" classname="AQ.Domain.Merge.Tests.ItemId_MoreTests" runstate="Runnable" seed="335960849" result="Passed" start-time="2025-09-04 23:25:11Z" end-time="2025-09-04 23:25:11Z" duration="0.000242" asserts="0">
                  <properties>
                    <property name="retryIteration" value="0" />
                    <property name="repeatIteration" value="0" />
                  </properties>
                </test-case>
                <test-case id="1019" name="ToString_returns_original_value" fullname="AQ.Domain.Merge.Tests.ItemId_MoreTests.ToString_returns_original_value" methodname="ToString_returns_original_value" classname="AQ.Domain.Merge.Tests.ItemId_MoreTests" runstate="Runnable" seed="1648612661" result="Passed" start-time="2025-09-04 23:25:11Z" end-time="2025-09-04 23:25:11Z" duration="0.000070" asserts="0">
                  <properties>
                    <property name="retryIteration" value="0" />
                    <property name="repeatIteration" value="0" />
                  </properties>
                </test-case>
                <test-case id="1021" name="Works_as_dictionary_key_with_value_equality" fullname="AQ.Domain.Merge.Tests.ItemId_MoreTests.Works_as_dictionary_key_with_value_equality" methodname="Works_as_dictionary_key_with_value_equality" classname="AQ.Domain.Merge.Tests.ItemId_MoreTests" runstate="Runnable" seed="1070793168" result="Passed" start-time="2025-09-04 23:25:11Z" end-time="2025-09-04 23:25:11Z" duration="0.001207" asserts="0">
                  <properties>
                    <property name="retryIteration" value="0" />
                    <property name="repeatIteration" value="0" />
                  </properties>
                </test-case>
              </test-suite>
              <test-suite type="TestFixture" id="1023" name="ItemId_Tests" fullname="AQ.Domain.Merge.Tests.ItemId_Tests" classname="AQ.Domain.Merge.Tests.ItemId_Tests" runstate="Runnable" testcasecount="3" result="Passed" start-time="2025-09-04 23:25:11Z" end-time="2025-09-04 23:25:11Z" duration="0.004746" total="3" passed="3" failed="0" inconclusive="0" skipped="0" asserts="0">
                <properties />
                <test-case id="1026" name="Default_not_equal_to_named" fullname="AQ.Domain.Merge.Tests.ItemId_Tests.Default_not_equal_to_named" methodname="Default_not_equal_to_named" classname="AQ.Domain.Merge.Tests.ItemId_Tests" runstate="Runnable" seed="1954791156" result="Passed" start-time="2025-09-04 23:25:11Z" end-time="2025-09-04 23:25:11Z" duration="0.000312" asserts="0">
                  <properties>
                    <property name="retryIteration" value="0" />
                    <property name="repeatIteration" value="0" />
                  </properties>
                </test-case>
                <test-case id="1024" name="Equal_when_same_value" fullname="AQ.Domain.Merge.Tests.ItemId_Tests.Equal_when_same_value" methodname="Equal_when_same_value" classname="AQ.Domain.Merge.Tests.ItemId_Tests" runstate="Runnable" seed="1983511855" result="Passed" start-time="2025-09-04 23:25:11Z" end-time="2025-09-04 23:25:11Z" duration="0.000184" asserts="0">
                  <properties>
                    <property name="retryIteration" value="0" />
                    <property name="repeatIteration" value="0" />
                  </properties>
                </test-case>
                <test-case id="1025" name="Not_equal_when_different_value" fullname="AQ.Domain.Merge.Tests.ItemId_Tests.Not_equal_when_different_value" methodname="Not_equal_when_different_value" classname="AQ.Domain.Merge.Tests.ItemId_Tests" runstate="Runnable" seed="1934075387" result="Passed" start-time="2025-09-04 23:25:11Z" end-time="2025-09-04 23:25:11Z" duration="0.000141" asserts="0">
                  <properties>
                    <property name="retryIteration" value="0" />
                    <property name="repeatIteration" value="0" />
                  </properties>
                </test-case>
              </test-suite>
              <test-suite type="TestFixture" id="1030" name="MergeEngine_GridOpsDrive_Tests" fullname="AQ.Domain.Merge.Tests.MergeEngine_GridOpsDrive_Tests" classname="AQ.Domain.Merge.Tests.MergeEngine_GridOpsDrive_Tests" runstate="Runnable" testcasecount="1" result="Passed" start-time="2025-09-04 23:25:11Z" end-time="2025-09-04 23:25:11Z" duration="0.141038" total="1" passed="1" failed="0" inconclusive="0" skipped="0" asserts="0">
                <properties />
                <test-case id="1031" name="Mix_of_valid_invalid_and_cooldown_paths_drives_get_set" fullname="AQ.Domain.Merge.Tests.MergeEngine_GridOpsDrive_Tests.Mix_of_valid_invalid_and_cooldown_paths_drives_get_set" methodname="Mix_of_valid_invalid_and_cooldown_paths_drives_get_set" classname="AQ.Domain.Merge.Tests.MergeEngine_GridOpsDrive_Tests" runstate="Runnable" seed="1789488837" result="Passed" start-time="2025-09-04 23:25:11Z" end-time="2025-09-04 23:25:11Z" duration="0.137843" asserts="0">
                  <properties>
                    <property name="retryIteration" value="0" />
                    <property name="repeatIteration" value="0" />
                  </properties>
                </test-case>
              </test-suite>
              <test-suite type="TestFixture" id="1032" name="MergeEngine_RepeatedMerges_Tests" fullname="AQ.Domain.Merge.Tests.MergeEngine_RepeatedMerges_Tests" classname="AQ.Domain.Merge.Tests.MergeEngine_RepeatedMerges_Tests" runstate="Runnable" testcasecount="1" result="Passed" start-time="2025-09-04 23:25:11Z" end-time="2025-09-04 23:25:11Z" duration="0.068098" total="1" passed="1" failed="0" inconclusive="0" skipped="0" asserts="0">
                <properties />
                <test-case id="1033" name="Two_valid_merges_then_an_invalid_one_exercises_paths" fullname="AQ.Domain.Merge.Tests.MergeEngine_RepeatedMerges_Tests.Two_valid_merges_then_an_invalid_one_exercises_paths" methodname="Two_valid_merges_then_an_invalid_one_exercises_paths" classname="AQ.Domain.Merge.Tests.MergeEngine_RepeatedMerges_Tests" runstate="Runnable" seed="1491793749" result="Passed" start-time="2025-09-04 23:25:11Z" end-time="2025-09-04 23:25:11Z" duration="0.064537" asserts="0">
                  <properties>
                    <property name="retryIteration" value="0" />
                    <property name="repeatIteration" value="0" />
                  </properties>
                </test-case>
              </test-suite>
              <test-suite type="TestFixture" id="1034" name="MergeEngine_Step1_Tests" fullname="AQ.Domain.Merge.Tests.MergeEngine_Step1_Tests" classname="AQ.Domain.Merge.Tests.MergeEngine_Step1_Tests" runstate="Runnable" testcasecount="3" result="Passed" start-time="2025-09-04 23:25:11Z" end-time="2025-09-04 23:25:11Z" duration="0.035562" total="3" passed="3" failed="0" inconclusive="0" skipped="0" asserts="0">
                <properties />
                <test-case id="1036" name="Invalid_when_different_items_does_not_publish_or_change" fullname="AQ.Domain.Merge.Tests.MergeEngine_Step1_Tests.Invalid_when_different_items_does_not_publish_or_change" methodname="Invalid_when_different_items_does_not_publish_or_change" classname="AQ.Domain.Merge.Tests.MergeEngine_Step1_Tests" runstate="Runnable" seed="1538841093" result="Passed" start-time="2025-09-04 23:25:11Z" end-time="2025-09-04 23:25:11Z" duration="0.000439" asserts="0">
                  <properties>
                    <property name="retryIteration" value="0" />
                    <property name="repeatIteration" value="0" />
                  </properties>
                </test-case>
                <test-case id="1037" name="Invalid_when_no_recipe_does_not_publish_or_change" fullname="AQ.Domain.Merge.Tests.MergeEngine_Step1_Tests.Invalid_when_no_recipe_does_not_publish_or_change" methodname="Invalid_when_no_recipe_does_not_publish_or_change" classname="AQ.Domain.Merge.Tests.MergeEngine_Step1_Tests" runstate="Runnable" seed="27965675" result="Passed" start-time="2025-09-04 23:25:11Z" end-time="2025-09-04 23:25:11Z" duration="0.000189" asserts="0">
                  <properties>
                    <property name="retryIteration" value="0" />
                    <property name="repeatIteration" value="0" />
                  </properties>
                </test-case>
                <test-case id="1035" name="Valid_merge_updates_target_and_publishes_event" fullname="AQ.Domain.Merge.Tests.MergeEngine_Step1_Tests.Valid_merge_updates_target_and_publishes_event" methodname="Valid_merge_updates_target_and_publishes_event" classname="AQ.Domain.Merge.Tests.MergeEngine_Step1_Tests" runstate="Runnable" seed="1885947167" result="Passed" start-time="2025-09-04 23:25:11Z" end-time="2025-09-04 23:25:11Z" duration="0.031143" asserts="0">
                  <properties>
                    <property name="retryIteration" value="0" />
                    <property name="repeatIteration" value="0" />
                  </properties>
                </test-case>
              </test-suite>
              <test-suite type="TestFixture" id="1038" name="MergeEngine_Step2_Tests" fullname="AQ.Domain.Merge.Tests.MergeEngine_Step2_Tests" classname="AQ.Domain.Merge.Tests.MergeEngine_Step2_Tests" runstate="Runnable" testcasecount="3" result="Passed" start-time="2025-09-04 23:25:11Z" end-time="2025-09-04 23:25:11Z" duration="0.153601" total="3" passed="3" failed="0" inconclusive="0" skipped="0" asserts="0">
                <properties />
                <test-case id="1040" name="Merge_blocked_if_on_cooldown_then_succeeds_after_time" fullname="AQ.Domain.Merge.Tests.MergeEngine_Step2_Tests.Merge_blocked_if_on_cooldown_then_succeeds_after_time" methodname="Merge_blocked_if_on_cooldown_then_succeeds_after_time" classname="AQ.Domain.Merge.Tests.MergeEngine_Step2_Tests" runstate="Runnable" seed="898379273" result="Passed" start-time="2025-09-04 23:25:11Z" end-time="2025-09-04 23:25:11Z" duration="0.060396" asserts="0">
                  <properties>
                    <property name="retryIteration" value="0" />
                    <property name="repeatIteration" value="0" />
                  </properties>
                </test-case>
                <test-case id="1039" name="Merge_clears_source_and_updates_target" fullname="AQ.Domain.Merge.Tests.MergeEngine_Step2_Tests.Merge_clears_source_and_updates_target" methodname="Merge_clears_source_and_updates_target" classname="AQ.Domain.Merge.Tests.MergeEngine_Step2_Tests" runstate="Runnable" seed="763511616" result="Passed" start-time="2025-09-04 23:25:11Z" end-time="2025-09-04 23:25:11Z" duration="0.029579" asserts="0">
                  <properties>
                    <property name="retryIteration" value="0" />
                    <property name="repeatIteration" value="0" />
                  </properties>
                </test-case>
                <test-case id="1041" name="Same_seed_and_time_produces_identical_results" fullname="AQ.Domain.Merge.Tests.MergeEngine_Step2_Tests.Same_seed_and_time_produces_identical_results" methodname="Same_seed_and_time_produces_identical_results" classname="AQ.Domain.Merge.Tests.MergeEngine_Step2_Tests" runstate="Runnable" seed="605438728" result="Passed" start-time="2025-09-04 23:25:11Z" end-time="2025-09-04 23:25:11Z" duration="0.060105" asserts="0">
                  <properties>
                    <property name="retryIteration" value="0" />
                    <property name="repeatIteration" value="0" />
                  </properties>
                </test-case>
              </test-suite>
              <test-suite type="TestFixture" id="1027" name="MergeEngineSmokeTests" fullname="AQ.Domain.Merge.Tests.MergeEngineSmokeTests" classname="AQ.Domain.Merge.Tests.MergeEngineSmokeTests" runstate="Runnable" testcasecount="2" result="Passed" start-time="2025-09-04 23:25:11Z" end-time="2025-09-04 23:25:11Z" duration="0.065969" total="2" passed="2" failed="0" inconclusive="0" skipped="0" asserts="0">
                <properties />
                <test-case id="1029" name="Smoke_GridIndices_merge_updates_cells" fullname="AQ.Domain.Merge.Tests.MergeEngineSmokeTests.Smoke_GridIndices_merge_updates_cells" methodname="Smoke_GridIndices_merge_updates_cells" classname="AQ.Domain.Merge.Tests.MergeEngineSmokeTests" runstate="Runnable" seed="1421379100" result="Passed" start-time="2025-09-04 23:25:11Z" end-time="2025-09-04 23:25:11Z" duration="0.030498" asserts="0">
                  <properties>
                    <property name="retryIteration" value="0" />
                    <property name="repeatIteration" value="0" />
                  </properties>
                </test-case>
                <test-case id="1028" name="Smoke_ItemOverload_merges_and_publishes" fullname="AQ.Domain.Merge.Tests.MergeEngineSmokeTests.Smoke_ItemOverload_merges_and_publishes" methodname="Smoke_ItemOverload_merges_and_publishes" classname="AQ.Domain.Merge.Tests.MergeEngineSmokeTests" runstate="Runnable" seed="1270322539" result="Passed" start-time="2025-09-04 23:25:11Z" end-time="2025-09-04 23:25:11Z" duration="0.032050" asserts="0">
                  <properties>
                    <property name="retryIteration" value="0" />
                    <property name="repeatIteration" value="0" />
                  </properties>
                </test-case>
              </test-suite>
              <test-suite type="TestFixture" id="1042" name="MergePerformed_Reflection_Tests" fullname="AQ.Domain.Merge.Tests.MergePerformed_Reflection_Tests" classname="AQ.Domain.Merge.Tests.MergePerformed_Reflection_Tests" runstate="Runnable" testcasecount="1" result="Passed" start-time="2025-09-04 23:25:11Z" end-time="2025-09-04 23:25:11Z" duration="0.005300" total="1" passed="1" failed="0" inconclusive="0" skipped="0" asserts="0">
                <properties />
                <test-case id="1043" name="Can_construct_and_inspect_MergePerformed" fullname="AQ.Domain.Merge.Tests.MergePerformed_Reflection_Tests.Can_construct_and_inspect_MergePerformed" methodname="Can_construct_and_inspect_MergePerformed" classname="AQ.Domain.Merge.Tests.MergePerformed_Reflection_Tests" runstate="Runnable" seed="661374324" result="Passed" start-time="2025-09-04 23:25:11Z" end-time="2025-09-04 23:25:11Z" duration="0.002220" asserts="0">
                  <properties>
                    <property name="retryIteration" value="0" />
                    <property name="repeatIteration" value="0" />
                  </properties>
                </test-case>
              </test-suite>
              <test-suite type="TestFixture" id="1044" name="NullLogger_Tests" fullname="AQ.Domain.Merge.Tests.NullLogger_Tests" classname="AQ.Domain.Merge.Tests.NullLogger_Tests" runstate="Runnable" testcasecount="1" result="Passed" start-time="2025-09-04 23:25:11Z" end-time="2025-09-04 23:25:11Z" duration="0.003730" total="1" passed="1" failed="0" inconclusive="0" skipped="0" asserts="0">
                <properties />
                <test-case id="1045" name="Public_logging_members_are_safe_noop" fullname="AQ.Domain.Merge.Tests.NullLogger_Tests.Public_logging_members_are_safe_noop" methodname="Public_logging_members_are_safe_noop" classname="AQ.Domain.Merge.Tests.NullLogger_Tests" runstate="Runnable" seed="417394639" result="Passed" start-time="2025-09-04 23:25:11Z" end-time="2025-09-04 23:25:11Z" duration="0.001408" asserts="0">
                  <properties>
                    <property name="retryIteration" value="0" />
                    <property name="repeatIteration" value="0" />
                  </properties>
                </test-case>
              </test-suite>
              <test-suite type="TestFixture" id="1046" name="PublishEventTests" fullname="AQ.Domain.Merge.Tests.PublishEventTests" classname="AQ.Domain.Merge.Tests.PublishEventTests" runstate="Runnable" testcasecount="1" result="Passed" start-time="2025-09-04 23:25:11Z" end-time="2025-09-04 23:25:11Z" duration="0.032615" total="1" passed="1" failed="0" inconclusive="0" skipped="0" asserts="0">
                <properties />
                <test-case id="1047" name="Valid_merge_publishes_a_MergePerformed_event" fullname="AQ.Domain.Merge.Tests.PublishEventTests.Valid_merge_publishes_a_MergePerformed_event" methodname="Valid_merge_publishes_a_MergePerformed_event" classname="AQ.Domain.Merge.Tests.PublishEventTests" runstate="Runnable" seed="1524540380" result="Passed" start-time="2025-09-04 23:25:11Z" end-time="2025-09-04 23:25:11Z" duration="0.030432" asserts="0">
                  <properties>
                    <property name="retryIteration" value="0" />
                    <property name="repeatIteration" value="0" />
                  </properties>
                </test-case>
              </test-suite>
              <test-suite type="TestFixture" id="1048" name="RecipeBookTests" fullname="AQ.Domain.Merge.Tests.RecipeBookTests" classname="AQ.Domain.Merge.Tests.RecipeBookTests" runstate="Runnable" testcasecount="2" result="Passed" start-time="2025-09-04 23:25:11Z" end-time="2025-09-04 23:25:11Z" duration="0.003983" total="2" passed="2" failed="0" inconclusive="0" skipped="0" asserts="0">
                <properties />
                <test-case id="1049" name="Resolves_Symmetric_Pairs" fullname="AQ.Domain.Merge.Tests.RecipeBookTests.Resolves_Symmetric_Pairs" methodname="Resolves_Symmetric_Pairs" classname="AQ.Domain.Merge.Tests.RecipeBookTests" runstate="Runnable" seed="715600416" result="Passed" start-time="2025-09-04 23:25:11Z" end-time="2025-09-04 23:25:11Z" duration="0.001183" asserts="0">
                  <properties>
                    <property name="retryIteration" value="0" />
                    <property name="repeatIteration" value="0" />
                  </properties>
                </test-case>
                <test-case id="1050" name="Unknown_Pair_ReturnsFalse" fullname="AQ.Domain.Merge.Tests.RecipeBookTests.Unknown_Pair_ReturnsFalse" methodname="Unknown_Pair_ReturnsFalse" classname="AQ.Domain.Merge.Tests.RecipeBookTests" runstate="Runnable" seed="920122026" result="Passed" start-time="2025-09-04 23:25:11Z" end-time="2025-09-04 23:25:11Z" duration="0.000098" asserts="0">
                  <properties>
                    <property name="retryIteration" value="0" />
                    <property name="repeatIteration" value="0" />
                  </properties>
                </test-case>
              </test-suite>
            </test-suite>
          </test-suite>
        </test-suite>
      </test-suite>
    </test-suite>
    <test-suite type="Assembly" id="1058" name="AQ.Tests.EditMode.dll" fullname="C:/Users/Steph/Dev/aq30-unity/Library/ScriptAssemblies/AQ.Tests.EditMode.dll" runstate="Runnable" testcasecount="1" result="Passed" start-time="2025-09-04 23:25:11Z" end-time="2025-09-04 23:25:11Z" duration="0.009654" total="1" passed="1" failed="0" inconclusive="0" skipped="0" asserts="0">
      <properties>
        <property name="_PID" value="14000" />
        <property name="_APPDOMAIN" value="Unity Child Domain" />
        <property name="platform" value="EditMode" />
        <property name="EditorOnly" value="True" />
      </properties>
      <test-suite type="TestSuite" id="1059" name="AQ30" fullname="AQ30" runstate="Runnable" testcasecount="1" result="Passed" start-time="2025-09-04 23:25:11Z" end-time="2025-09-04 23:25:11Z" duration="0.007526" total="1" passed="1" failed="0" inconclusive="0" skipped="0" asserts="0">
        <properties />
        <test-suite type="TestSuite" id="1060" name="Tests" fullname="AQ30.Tests" runstate="Runnable" testcasecount="1" result="Passed" start-time="2025-09-04 23:25:11Z" end-time="2025-09-04 23:25:11Z" duration="0.005198" total="1" passed="1" failed="0" inconclusive="0" skipped="0" asserts="0">
          <properties />
          <test-suite type="TestSuite" id="1061" name="EditMode" fullname="AQ30.Tests.EditMode" runstate="Runnable" testcasecount="1" result="Passed" start-time="2025-09-04 23:25:11Z" end-time="2025-09-04 23:25:11Z" duration="0.003709" total="1" passed="1" failed="0" inconclusive="0" skipped="0" asserts="0">
            <properties />
            <test-suite type="TestFixture" id="1056" name="ProjectBootSmoke" fullname="AQ30.Tests.EditMode.ProjectBootSmoke" classname="AQ30.Tests.EditMode.ProjectBootSmoke" runstate="Runnable" testcasecount="1" result="Passed" start-time="2025-09-04 23:25:11Z" end-time="2025-09-04 23:25:11Z" duration="0.002233" total="1" passed="1" failed="0" inconclusive="0" skipped="0" asserts="0">
              <properties />
              <test-case id="1057" name="ProjectCompiles" fullname="AQ30.Tests.EditMode.ProjectBootSmoke.ProjectCompiles" methodname="ProjectCompiles" classname="AQ30.Tests.EditMode.ProjectBootSmoke" runstate="Runnable" seed="1791045465" result="Passed" start-time="2025-09-04 23:25:11Z" end-time="2025-09-04 23:25:11Z" duration="0.000372" asserts="0">
                <properties>
                  <property name="retryIteration" value="0" />
                  <property name="repeatIteration" value="0" />
                </properties>
                <reason>
                  <message><![CDATA[EditMode smoke test ran!]]></message>
                </reason>
                <output><![CDATA[[Code Coverage] Code Coverage results for visited sequence points were saved in C:/Users/Steph/Dev/aq30-unity/CodeCoverageResults/aq30-unity-opencov/EditMode/TestCoverageResults_0001.xml
[Code Coverage] Code Coverage Report was generated in C:/Users/Steph/Dev/aq30-unity/CodeCoverageResults/Report
Included Assemblies: AQ.Domain.Merge,AQ.SharedKernel
Excluded Assemblies: <Not specified>
Included Paths: <Not specified>
Excluded Paths: <Not specified>
Saving results to: C:/Users/Steph/AppData/LocalLow/DefaultCompany/aq30-unity\TestResults.xml
]]></output>
              </test-case>
            </test-suite>
          </test-suite>
        </test-suite>
      </test-suite>
    </test-suite>
  </test-suite>
</test-run>